2023-05-08 15:08:17.376  INFO 1410 --- [SpringApplicationShutdownHook] j.LocalContainerEntityManagerFactoryBean : Closing JPA EntityManagerFactory for persistence unit 'default'
2023-05-08 15:08:17.380  INFO 1410 --- [SpringApplicationShutdownHook] com.zaxxer.hikari.HikariDataSource       : HikariPool-1 - Shutdown initiated...
2023-05-08 15:08:17.395  INFO 1410 --- [SpringApplicationShutdownHook] com.zaxxer.hikari.HikariDataSource       : HikariPool-1 - Shutdown completed.
2023-05-08 15:08:31.986  INFO 1447 --- [main] c.e.S.SimpleProjectApplication           : Starting SimpleProjectApplication using Java 1.8.0_362 on Anhs-MacBook-Pro.local with PID 1447 (/Users/apple/Downloads/Tranning_Vega/Project/SimpleProject/target/classes started by apple in /Users/apple/Downloads/Tranning_Vega/Project/SimpleProject)
2023-05-08 15:08:31.991  INFO 1447 --- [main] c.e.S.SimpleProjectApplication           : No active profile set, falling back to 1 default profile: "default"
2023-05-08 15:08:32.996  INFO 1447 --- [main] .s.d.r.c.RepositoryConfigurationDelegate : Bootstrapping Spring Data JPA repositories in DEFAULT mode.
2023-05-08 15:08:33.077  INFO 1447 --- [main] .s.d.r.c.RepositoryConfigurationDelegate : Finished Spring Data repository scanning in 72 ms. Found 6 JPA repository interfaces.
2023-05-08 15:08:33.721  INFO 1447 --- [main] o.s.b.w.embedded.tomcat.TomcatWebServer  : Tomcat initialized with port(s): 8080 (http)
2023-05-08 15:08:33.729  INFO 1447 --- [main] o.apache.catalina.core.StandardService   : Starting service [Tomcat]
2023-05-08 15:08:33.729  INFO 1447 --- [main] org.apache.catalina.core.StandardEngine  : Starting Servlet engine: [Apache Tomcat/9.0.73]
2023-05-08 15:08:33.829  INFO 1447 --- [main] o.a.c.c.C.[Tomcat].[localhost].[/]       : Initializing Spring embedded WebApplicationContext
2023-05-08 15:08:33.829  INFO 1447 --- [main] w.s.c.ServletWebServerApplicationContext : Root WebApplicationContext: initialization completed in 1671 ms
2023-05-08 15:08:34.042  INFO 1447 --- [main] o.hibernate.jpa.internal.util.LogHelper  : HHH000204: Processing PersistenceUnitInfo [name: default]
2023-05-08 15:08:34.081  INFO 1447 --- [main] org.hibernate.Version                    : HHH000412: Hibernate ORM core version 5.6.15.Final
2023-05-08 15:08:34.217  INFO 1447 --- [main] o.hibernate.annotations.common.Version   : HCANN000001: Hibernate Commons Annotations {5.1.2.Final}
2023-05-08 15:08:34.411  INFO 1447 --- [main] com.zaxxer.hikari.HikariDataSource       : HikariPool-1 - Starting...
2023-05-08 15:08:34.413  WARN 1447 --- [main] com.zaxxer.hikari.util.DriverDataSource  : Registered driver with driverClassName=com.mysql.jdbc.Driver was not found, trying direct instantiation.
2023-05-08 15:08:34.742  INFO 1447 --- [main] com.zaxxer.hikari.HikariDataSource       : HikariPool-1 - Start completed.
2023-05-08 15:08:34.761  INFO 1447 --- [main] org.hibernate.dialect.Dialect            : HHH000400: Using dialect: org.hibernate.dialect.MySQL8Dialect
2023-05-08 15:08:35.561  INFO 1447 --- [main] o.h.e.t.j.p.i.JtaPlatformInitiator       : HHH000490: Using JtaPlatform implementation: [org.hibernate.engine.transaction.jta.platform.internal.NoJtaPlatform]
2023-05-08 15:08:35.571  INFO 1447 --- [main] j.LocalContainerEntityManagerFactoryBean : Initialized JPA EntityManagerFactory for persistence unit 'default'
2023-05-08 15:08:36.362  WARN 1447 --- [main] JpaBaseConfiguration$JpaWebConfiguration : spring.jpa.open-in-view is enabled by default. Therefore, database queries may be performed during view rendering. Explicitly configure spring.jpa.open-in-view to disable this warning
2023-05-08 15:08:36.810  INFO 1447 --- [main] o.s.s.web.DefaultSecurityFilterChain     : Will secure any request with [org.springframework.security.web.session.DisableEncodeUrlFilter@7ffcb232, org.springframework.security.web.context.request.async.WebAsyncManagerIntegrationFilter@7f53fc38, org.springframework.security.web.context.SecurityContextPersistenceFilter@cae2a97, org.springframework.security.web.header.HeaderWriterFilter@312a738d, org.springframework.web.filter.CorsFilter@5feb82b3, org.springframework.security.web.authentication.logout.LogoutFilter@11bdab37, com.example.SimpleProject.Filters.JWTAuthenticationFilter@2d38db6f, org.springframework.security.web.savedrequest.RequestCacheAwareFilter@14656be5, org.springframework.security.web.servletapi.SecurityContextHolderAwareRequestFilter@2a631049, org.springframework.security.web.authentication.AnonymousAuthenticationFilter@37cf91d8, org.springframework.security.web.session.SessionManagementFilter@3b65084e, org.springframework.security.web.access.ExceptionTranslationFilter@5a51336a, org.springframework.security.web.access.intercept.FilterSecurityInterceptor@173b1af1]
2023-05-08 15:08:37.359  INFO 1447 --- [main] o.s.b.w.embedded.tomcat.TomcatWebServer  : Tomcat started on port(s): 8080 (http) with context path ''
2023-05-08 15:08:37.372  INFO 1447 --- [main] c.e.S.SimpleProjectApplication           : Started SimpleProjectApplication in 6.192 seconds (JVM running for 7.234)
2023-05-08 15:09:52.181  INFO 1447 --- [http-nio-8080-exec-4] o.a.c.c.C.[Tomcat].[localhost].[/]       : Initializing Spring DispatcherServlet 'dispatcherServlet'
2023-05-08 15:09:52.183  INFO 1447 --- [http-nio-8080-exec-4] o.s.web.servlet.DispatcherServlet        : Initializing Servlet 'dispatcherServlet'
2023-05-08 15:09:52.190  INFO 1447 --- [http-nio-8080-exec-4] o.s.web.servlet.DispatcherServlet        : Completed initialization in 7 ms
2023-05-08 15:09:58.015  INFO 1447 --- [http-nio-8080-exec-7] c.e.S.Controller.EmailController         : Delete email irunen@lab.ws
2023-05-08 15:10:15.864  INFO 1447 --- [http-nio-8080-exec-3] c.e.S.Controller.EmailController         : Add email hando291022@gmail.com
2023-05-08 15:10:17.673  INFO 1447 --- [pool-2-thread-1] c.e.SimpleProject.Thread.workThread      : Thread pool-2-thread-1
2023-05-08 15:10:17.775  INFO 1447 --- [scheduling-1] c.e.S.Thread.MakingTaskThreads           : [1/10] Active: 1, Task: 1
2023-05-08 15:10:40.690  INFO 1447 --- [http-nio-8080-exec-9] c.e.S.Controller.CampaignController      : Delete campaign Something
2023-05-08 15:11:08.636  INFO 1447 --- [http-nio-8080-exec-8] c.e.S.Controller.EmailController         : Delete email cujdavkoz@sikpo.fk
2023-05-08 15:11:08.644  INFO 1447 --- [http-nio-8080-exec-8] c.e.S.Controller.EmailController         : Delete email nahaje@dacip.cm
2023-05-08 15:11:08.650  INFO 1447 --- [http-nio-8080-exec-8] c.e.S.Controller.EmailController         : Delete email kuz@cuve.lc
2023-05-08 15:11:08.662  INFO 1447 --- [http-nio-8080-exec-8] c.e.S.Controller.EmailController         : Delete email vobiv@age.ar
2023-05-08 15:11:08.680  INFO 1447 --- [http-nio-8080-exec-8] c.e.S.Controller.EmailController         : Delete email ki@ome.gw
2023-05-08 15:11:08.698  INFO 1447 --- [http-nio-8080-exec-8] c.e.S.Controller.EmailController         : Delete email pilisri@la.pn
2023-05-08 15:11:08.712  INFO 1447 --- [http-nio-8080-exec-8] c.e.S.Controller.EmailController         : Delete email fup@siz.mu
2023-05-08 15:11:08.721  INFO 1447 --- [http-nio-8080-exec-8] c.e.S.Controller.EmailController         : Delete email bam@apwakdah.bm
2023-05-08 15:11:08.730  INFO 1447 --- [http-nio-8080-exec-8] c.e.S.Controller.EmailController         : Delete email neuka@oji.mr
2023-05-08 15:11:08.736  INFO 1447 --- [http-nio-8080-exec-8] c.e.S.Controller.EmailController         : Delete email can@sabidut.tt
2023-05-08 15:14:49.338  INFO 1447 --- [http-nio-8080-exec-4] c.e.S.Controller.PhoneController         : Delete phone (237) 736-9534
2023-05-08 15:14:49.368  INFO 1447 --- [http-nio-8080-exec-4] c.e.S.Controller.PhoneController         : Delete phone (851) 854-6549
2023-05-08 15:14:49.378  INFO 1447 --- [http-nio-8080-exec-4] c.e.S.Controller.PhoneController         : Delete phone (304) 796-7112
2023-05-08 15:14:49.384  INFO 1447 --- [http-nio-8080-exec-4] c.e.S.Controller.PhoneController         : Delete phone (424) 859-8436
2023-05-08 15:14:49.415  INFO 1447 --- [http-nio-8080-exec-4] c.e.S.Controller.PhoneController         : Delete phone (329) 557-7905
2023-05-08 15:14:49.423  INFO 1447 --- [http-nio-8080-exec-4] c.e.S.Controller.PhoneController         : Delete phone (534) 834-7505
2023-05-08 15:14:49.430  INFO 1447 --- [http-nio-8080-exec-4] c.e.S.Controller.PhoneController         : Delete phone (559) 762-2611
2023-05-08 15:14:49.435  INFO 1447 --- [http-nio-8080-exec-4] c.e.S.Controller.PhoneController         : Delete phone (611) 996-9362
2023-05-08 15:14:49.443  INFO 1447 --- [http-nio-8080-exec-4] c.e.S.Controller.PhoneController         : Delete phone (613) 224-1862
2023-05-08 15:14:49.450  INFO 1447 --- [http-nio-8080-exec-4] c.e.S.Controller.PhoneController         : Delete phone (668) 792-6839
2023-05-08 15:15:06.746  INFO 1447 --- [http-nio-8080-exec-3] c.e.S.Controller.PhoneController         : Add phone 0987654321
2023-05-08 15:15:08.356  INFO 1447 --- [pool-3-thread-1] c.e.SimpleProject.Thread.workThread      : Thread pool-3-thread-1
2023-05-08 15:15:08.457  INFO 1447 --- [scheduling-1] c.e.S.Thread.MakingTaskThreads           : [1/10] Active: 1, Task: 1
2023-05-08 15:15:09.371  INFO 1447 --- [pool-3-thread-1] c.e.SimpleProject.Thread.workThread      : Send SMS to 0987654321 successfully
2023-05-08 15:16:05.747  INFO 1447 --- [http-nio-8080-exec-3] c.e.S.Controller.PhoneController         : Update phone (389) 697-9510
2023-05-08 15:19:42.091  INFO 1447 --- [SpringApplicationShutdownHook] j.LocalContainerEntityManagerFactoryBean : Closing JPA EntityManagerFactory for persistence unit 'default'
2023-05-08 15:19:42.100  INFO 1447 --- [SpringApplicationShutdownHook] com.zaxxer.hikari.HikariDataSource       : HikariPool-1 - Shutdown initiated...
2023-05-08 15:19:42.117  INFO 1447 --- [SpringApplicationShutdownHook] com.zaxxer.hikari.HikariDataSource       : HikariPool-1 - Shutdown completed.
2023-05-08 15:19:58.499  INFO 1508 --- [main] c.e.S.SimpleProjectApplication           : Starting SimpleProjectApplication using Java 1.8.0_362 on Anhs-MacBook-Pro.local with PID 1508 (/Users/apple/Downloads/Tranning_Vega/Project/SimpleProject/target/classes started by apple in /Users/apple/Downloads/Tranning_Vega/Project/SimpleProject)
2023-05-08 15:19:58.503  INFO 1508 --- [main] c.e.S.SimpleProjectApplication           : No active profile set, falling back to 1 default profile: "default"
2023-05-08 15:19:59.375  INFO 1508 --- [main] .s.d.r.c.RepositoryConfigurationDelegate : Bootstrapping Spring Data JPA repositories in DEFAULT mode.
2023-05-08 15:19:59.460  INFO 1508 --- [main] .s.d.r.c.RepositoryConfigurationDelegate : Finished Spring Data repository scanning in 76 ms. Found 6 JPA repository interfaces.
2023-05-08 15:20:00.075  INFO 1508 --- [main] o.s.b.w.embedded.tomcat.TomcatWebServer  : Tomcat initialized with port(s): 8080 (http)
2023-05-08 15:20:00.084  INFO 1508 --- [main] o.apache.catalina.core.StandardService   : Starting service [Tomcat]
2023-05-08 15:20:00.084  INFO 1508 --- [main] org.apache.catalina.core.StandardEngine  : Starting Servlet engine: [Apache Tomcat/9.0.73]
2023-05-08 15:20:00.180  INFO 1508 --- [main] o.a.c.c.C.[Tomcat].[localhost].[/]       : Initializing Spring embedded WebApplicationContext
2023-05-08 15:20:00.180  INFO 1508 --- [main] w.s.c.ServletWebServerApplicationContext : Root WebApplicationContext: initialization completed in 1616 ms
2023-05-08 15:20:00.394  INFO 1508 --- [main] o.hibernate.jpa.internal.util.LogHelper  : HHH000204: Processing PersistenceUnitInfo [name: default]
2023-05-08 15:20:00.438  INFO 1508 --- [main] org.hibernate.Version                    : HHH000412: Hibernate ORM core version 5.6.15.Final
2023-05-08 15:20:00.579  INFO 1508 --- [main] o.hibernate.annotations.common.Version   : HCANN000001: Hibernate Commons Annotations {5.1.2.Final}
2023-05-08 15:20:00.858  INFO 1508 --- [main] com.zaxxer.hikari.HikariDataSource       : HikariPool-1 - Starting...
2023-05-08 15:20:00.860  WARN 1508 --- [main] com.zaxxer.hikari.util.DriverDataSource  : Registered driver with driverClassName=com.mysql.jdbc.Driver was not found, trying direct instantiation.
2023-05-08 15:20:01.213  INFO 1508 --- [main] com.zaxxer.hikari.HikariDataSource       : HikariPool-1 - Start completed.
2023-05-08 15:20:01.231  INFO 1508 --- [main] org.hibernate.dialect.Dialect            : HHH000400: Using dialect: org.hibernate.dialect.MySQL8Dialect
2023-05-08 15:20:02.117  INFO 1508 --- [main] o.h.e.t.j.p.i.JtaPlatformInitiator       : HHH000490: Using JtaPlatform implementation: [org.hibernate.engine.transaction.jta.platform.internal.NoJtaPlatform]
2023-05-08 15:20:02.126  INFO 1508 --- [main] j.LocalContainerEntityManagerFactoryBean : Initialized JPA EntityManagerFactory for persistence unit 'default'
2023-05-08 15:20:02.862  WARN 1508 --- [main] JpaBaseConfiguration$JpaWebConfiguration : spring.jpa.open-in-view is enabled by default. Therefore, database queries may be performed during view rendering. Explicitly configure spring.jpa.open-in-view to disable this warning
2023-05-08 15:20:03.317  INFO 1508 --- [main] o.s.s.web.DefaultSecurityFilterChain     : Will secure any request with [org.springframework.security.web.session.DisableEncodeUrlFilter@629cbb1, org.springframework.security.web.context.request.async.WebAsyncManagerIntegrationFilter@165aa43a, org.springframework.security.web.context.SecurityContextPersistenceFilter@7d12429, org.springframework.security.web.header.HeaderWriterFilter@7e50eeb9, org.springframework.web.filter.CorsFilter@22cd8ec2, org.springframework.security.web.authentication.logout.LogoutFilter@280484c7, com.example.SimpleProject.Filters.JWTAuthenticationFilter@7d977a20, org.springframework.security.web.savedrequest.RequestCacheAwareFilter@20be890d, org.springframework.security.web.servletapi.SecurityContextHolderAwareRequestFilter@425b5fe2, org.springframework.security.web.authentication.AnonymousAuthenticationFilter@35ab4260, org.springframework.security.web.session.SessionManagementFilter@32d0d7eb, org.springframework.security.web.access.ExceptionTranslationFilter@4d8056bf, org.springframework.security.web.access.intercept.FilterSecurityInterceptor@37cf91d8]
2023-05-08 15:20:03.839  INFO 1508 --- [main] o.s.b.w.embedded.tomcat.TomcatWebServer  : Tomcat started on port(s): 8080 (http) with context path ''
2023-05-08 15:20:03.853  INFO 1508 --- [main] c.e.S.SimpleProjectApplication           : Started SimpleProjectApplication in 6.315 seconds (JVM running for 7.596)
2023-05-08 15:21:55.809  INFO 1508 --- [http-nio-8080-exec-1] o.a.c.c.C.[Tomcat].[localhost].[/]       : Initializing Spring DispatcherServlet 'dispatcherServlet'
2023-05-08 15:21:55.811  INFO 1508 --- [http-nio-8080-exec-1] o.s.web.servlet.DispatcherServlet        : Initializing Servlet 'dispatcherServlet'
2023-05-08 15:21:55.821  INFO 1508 --- [http-nio-8080-exec-1] o.s.web.servlet.DispatcherServlet        : Completed initialization in 8 ms
2023-05-08 15:22:01.253  INFO 1508 --- [http-nio-8080-exec-2] c.e.S.Controller.PhoneController         : Update phone from (389) 697-9510 to (389) 697-9534
2023-05-08 15:22:29.679  INFO 1508 --- [http-nio-8080-exec-9] c.e.S.Controller.EmailController         : Update email from ajifwe@rugje.vc to ajifwe@rugje.ngu
2023-05-08 15:22:51.347  INFO 1508 --- [http-nio-8080-exec-8] c.e.S.Controller.EmailController         : Add email ngu@gmail.com
2023-05-08 15:22:54.310  INFO 1508 --- [pool-2-thread-1] c.e.SimpleProject.Thread.workThread      : Thread pool-2-thread-1
2023-05-08 15:22:54.411  INFO 1508 --- [scheduling-1] c.e.S.Thread.MakingTaskThreads           : [1/10] Active: 1, Task: 1
2023-05-08 15:22:55.378  INFO 1508 --- [pool-2-thread-1] c.e.SimpleProject.Thread.workThread      : Send email ngu@gmail.com successfully
2023-05-08 15:23:35.690  INFO 1508 --- [SpringApplicationShutdownHook] j.LocalContainerEntityManagerFactoryBean : Closing JPA EntityManagerFactory for persistence unit 'default'
2023-05-08 15:23:35.696  INFO 1508 --- [SpringApplicationShutdownHook] com.zaxxer.hikari.HikariDataSource       : HikariPool-1 - Shutdown initiated...
2023-05-08 15:23:35.709  INFO 1508 --- [SpringApplicationShutdownHook] com.zaxxer.hikari.HikariDataSource       : HikariPool-1 - Shutdown completed.
2023-05-08 16:10:40.578  INFO 1798 --- [main] c.e.S.SimpleProjectApplication           : Starting SimpleProjectApplication using Java 1.8.0_362 on Anhs-MacBook-Pro.local with PID 1798 (/Users/apple/Downloads/Tranning_Vega/Project/SimpleProject/target/classes started by apple in /Users/apple/Downloads/Tranning_Vega/Project/SimpleProject)
2023-05-08 16:10:40.582  INFO 1798 --- [main] c.e.S.SimpleProjectApplication           : No active profile set, falling back to 1 default profile: "default"
2023-05-08 16:10:41.954  INFO 1798 --- [main] .s.d.r.c.RepositoryConfigurationDelegate : Bootstrapping Spring Data JPA repositories in DEFAULT mode.
2023-05-08 16:10:42.049  INFO 1798 --- [main] .s.d.r.c.RepositoryConfigurationDelegate : Finished Spring Data repository scanning in 85 ms. Found 6 JPA repository interfaces.
2023-05-08 16:10:42.891  INFO 1798 --- [main] o.s.b.w.embedded.tomcat.TomcatWebServer  : Tomcat initialized with port(s): 8080 (http)
2023-05-08 16:10:42.912  INFO 1798 --- [main] o.apache.catalina.core.StandardService   : Starting service [Tomcat]
2023-05-08 16:10:42.913  INFO 1798 --- [main] org.apache.catalina.core.StandardEngine  : Starting Servlet engine: [Apache Tomcat/9.0.73]
2023-05-08 16:10:43.284  INFO 1798 --- [main] o.a.c.c.C.[Tomcat].[localhost].[/]       : Initializing Spring embedded WebApplicationContext
2023-05-08 16:10:43.284  INFO 1798 --- [main] w.s.c.ServletWebServerApplicationContext : Root WebApplicationContext: initialization completed in 2605 ms
2023-05-08 16:10:43.894  INFO 1798 --- [main] o.hibernate.jpa.internal.util.LogHelper  : HHH000204: Processing PersistenceUnitInfo [name: default]
2023-05-08 16:10:44.096  INFO 1798 --- [main] org.hibernate.Version                    : HHH000412: Hibernate ORM core version 5.6.15.Final
2023-05-08 16:10:44.652  INFO 1798 --- [main] o.hibernate.annotations.common.Version   : HCANN000001: Hibernate Commons Annotations {5.1.2.Final}
2023-05-08 16:10:44.914  INFO 1798 --- [main] com.zaxxer.hikari.HikariDataSource       : HikariPool-1 - Starting...
2023-05-08 16:10:44.918  WARN 1798 --- [main] com.zaxxer.hikari.util.DriverDataSource  : Registered driver with driverClassName=com.mysql.jdbc.Driver was not found, trying direct instantiation.
2023-05-08 16:10:45.850  INFO 1798 --- [main] com.zaxxer.hikari.HikariDataSource       : HikariPool-1 - Start completed.
2023-05-08 16:10:45.883  INFO 1798 --- [main] org.hibernate.dialect.Dialect            : HHH000400: Using dialect: org.hibernate.dialect.MySQL8Dialect
2023-05-08 16:10:46.981  INFO 1798 --- [main] o.h.e.t.j.p.i.JtaPlatformInitiator       : HHH000490: Using JtaPlatform implementation: [org.hibernate.engine.transaction.jta.platform.internal.NoJtaPlatform]
2023-05-08 16:10:46.991  INFO 1798 --- [main] j.LocalContainerEntityManagerFactoryBean : Initialized JPA EntityManagerFactory for persistence unit 'default'
2023-05-08 16:10:47.930  WARN 1798 --- [main] JpaBaseConfiguration$JpaWebConfiguration : spring.jpa.open-in-view is enabled by default. Therefore, database queries may be performed during view rendering. Explicitly configure spring.jpa.open-in-view to disable this warning
2023-05-08 16:10:48.418  INFO 1798 --- [main] o.s.s.web.DefaultSecurityFilterChain     : Will secure any request with [org.springframework.security.web.session.DisableEncodeUrlFilter@6e794f53, org.springframework.security.web.context.request.async.WebAsyncManagerIntegrationFilter@75f4d8a8, org.springframework.security.web.context.SecurityContextPersistenceFilter@2830315f, org.springframework.security.web.header.HeaderWriterFilter@580c17a0, org.springframework.web.filter.CorsFilter@69ba72da, org.springframework.security.web.authentication.logout.LogoutFilter@48b2dbc4, com.example.SimpleProject.Filters.JWTAuthenticationFilter@2e1ba142, org.springframework.security.web.savedrequest.RequestCacheAwareFilter@75452aea, org.springframework.security.web.servletapi.SecurityContextHolderAwareRequestFilter@7a3643e3, org.springframework.security.web.authentication.AnonymousAuthenticationFilter@abc7005, org.springframework.security.web.session.SessionManagementFilter@283baa39, org.springframework.security.web.access.ExceptionTranslationFilter@59d5c537, org.springframework.security.web.access.intercept.FilterSecurityInterceptor@7e1a9173]
2023-05-08 16:10:49.180  INFO 1798 --- [main] o.s.b.w.embedded.tomcat.TomcatWebServer  : Tomcat started on port(s): 8080 (http) with context path ''
2023-05-08 16:10:49.195  INFO 1798 --- [main] c.e.S.SimpleProjectApplication           : Started SimpleProjectApplication in 9.798 seconds (JVM running for 11.604)
2023-05-08 16:13:09.516  INFO 1798 --- [SpringApplicationShutdownHook] j.LocalContainerEntityManagerFactoryBean : Closing JPA EntityManagerFactory for persistence unit 'default'
2023-05-08 16:13:09.522  INFO 1798 --- [SpringApplicationShutdownHook] com.zaxxer.hikari.HikariDataSource       : HikariPool-1 - Shutdown initiated...
2023-05-08 16:13:09.557  INFO 1798 --- [SpringApplicationShutdownHook] com.zaxxer.hikari.HikariDataSource       : HikariPool-1 - Shutdown completed.
2023-05-08 16:13:17.025  INFO 1823 --- [main] c.e.S.SimpleProjectApplication           : Starting SimpleProjectApplication using Java 1.8.0_362 on Anhs-MacBook-Pro.local with PID 1823 (/Users/apple/Downloads/Tranning_Vega/Project/SimpleProject/target/classes started by apple in /Users/apple/Downloads/Tranning_Vega/Project/SimpleProject)
2023-05-08 16:13:17.031  INFO 1823 --- [main] c.e.S.SimpleProjectApplication           : No active profile set, falling back to 1 default profile: "default"
2023-05-08 16:13:18.353  INFO 1823 --- [main] .s.d.r.c.RepositoryConfigurationDelegate : Bootstrapping Spring Data JPA repositories in DEFAULT mode.
2023-05-08 16:13:18.497  INFO 1823 --- [main] .s.d.r.c.RepositoryConfigurationDelegate : Finished Spring Data repository scanning in 131 ms. Found 6 JPA repository interfaces.
2023-05-08 16:13:19.221  INFO 1823 --- [main] o.s.b.w.embedded.tomcat.TomcatWebServer  : Tomcat initialized with port(s): 8080 (http)
2023-05-08 16:13:19.229  INFO 1823 --- [main] o.apache.catalina.core.StandardService   : Starting service [Tomcat]
2023-05-08 16:13:19.230  INFO 1823 --- [main] org.apache.catalina.core.StandardEngine  : Starting Servlet engine: [Apache Tomcat/9.0.73]
2023-05-08 16:13:19.326  INFO 1823 --- [main] o.a.c.c.C.[Tomcat].[localhost].[/]       : Initializing Spring embedded WebApplicationContext
2023-05-08 16:13:19.326  INFO 1823 --- [main] w.s.c.ServletWebServerApplicationContext : Root WebApplicationContext: initialization completed in 2160 ms
2023-05-08 16:13:19.565  INFO 1823 --- [main] o.hibernate.jpa.internal.util.LogHelper  : HHH000204: Processing PersistenceUnitInfo [name: default]
2023-05-08 16:13:19.648  INFO 1823 --- [main] org.hibernate.Version                    : HHH000412: Hibernate ORM core version 5.6.15.Final
2023-05-08 16:13:19.826  INFO 1823 --- [main] o.hibernate.annotations.common.Version   : HCANN000001: Hibernate Commons Annotations {5.1.2.Final}
2023-05-08 16:13:20.070  INFO 1823 --- [main] com.zaxxer.hikari.HikariDataSource       : HikariPool-1 - Starting...
2023-05-08 16:13:20.073  WARN 1823 --- [main] com.zaxxer.hikari.util.DriverDataSource  : Registered driver with driverClassName=com.mysql.jdbc.Driver was not found, trying direct instantiation.
2023-05-08 16:13:20.460  INFO 1823 --- [main] com.zaxxer.hikari.HikariDataSource       : HikariPool-1 - Start completed.
2023-05-08 16:13:20.479  INFO 1823 --- [main] org.hibernate.dialect.Dialect            : HHH000400: Using dialect: org.hibernate.dialect.MySQL8Dialect
2023-05-08 16:13:21.368  INFO 1823 --- [main] o.h.e.t.j.p.i.JtaPlatformInitiator       : HHH000490: Using JtaPlatform implementation: [org.hibernate.engine.transaction.jta.platform.internal.NoJtaPlatform]
2023-05-08 16:13:21.377  INFO 1823 --- [main] j.LocalContainerEntityManagerFactoryBean : Initialized JPA EntityManagerFactory for persistence unit 'default'
2023-05-08 16:13:22.219  WARN 1823 --- [main] JpaBaseConfiguration$JpaWebConfiguration : spring.jpa.open-in-view is enabled by default. Therefore, database queries may be performed during view rendering. Explicitly configure spring.jpa.open-in-view to disable this warning
2023-05-08 16:13:22.652  INFO 1823 --- [main] o.s.s.web.DefaultSecurityFilterChain     : Will secure any request with [org.springframework.security.web.session.DisableEncodeUrlFilter@563263a, org.springframework.security.web.context.request.async.WebAsyncManagerIntegrationFilter@53e28097, org.springframework.security.web.context.SecurityContextPersistenceFilter@283baa39, org.springframework.security.web.header.HeaderWriterFilter@3f1158ee, org.springframework.web.filter.CorsFilter@6e794f53, org.springframework.security.web.authentication.logout.LogoutFilter@34cb0e49, com.example.SimpleProject.Filters.JWTAuthenticationFilter@75f4d8a8, org.springframework.security.web.savedrequest.RequestCacheAwareFilter@2830315f, org.springframework.security.web.servletapi.SecurityContextHolderAwareRequestFilter@48e74764, org.springframework.security.web.authentication.AnonymousAuthenticationFilter@69ba72da, org.springframework.security.web.session.SessionManagementFilter@1a7e799e, org.springframework.security.web.access.ExceptionTranslationFilter@4540c7, org.springframework.security.web.access.intercept.FilterSecurityInterceptor@636e4bf8]
2023-05-08 16:13:23.208  INFO 1823 --- [main] o.s.b.w.embedded.tomcat.TomcatWebServer  : Tomcat started on port(s): 8080 (http) with context path ''
2023-05-08 16:13:23.221  INFO 1823 --- [main] c.e.S.SimpleProjectApplication           : Started SimpleProjectApplication in 7.264 seconds (JVM running for 8.723)
2023-05-08 16:13:50.384  INFO 1823 --- [http-nio-8080-exec-2] o.a.c.c.C.[Tomcat].[localhost].[/]       : Initializing Spring DispatcherServlet 'dispatcherServlet'
2023-05-08 16:13:50.384  INFO 1823 --- [http-nio-8080-exec-2] o.s.web.servlet.DispatcherServlet        : Initializing Servlet 'dispatcherServlet'
2023-05-08 16:13:50.386  INFO 1823 --- [http-nio-8080-exec-2] o.s.web.servlet.DispatcherServlet        : Completed initialization in 1 ms
2023-05-08 16:33:22.180  INFO 1823 --- [SpringApplicationShutdownHook] j.LocalContainerEntityManagerFactoryBean : Closing JPA EntityManagerFactory for persistence unit 'default'
2023-05-08 16:33:22.210  INFO 1823 --- [SpringApplicationShutdownHook] com.zaxxer.hikari.HikariDataSource       : HikariPool-1 - Shutdown initiated...
2023-05-08 16:33:22.235  INFO 1823 --- [SpringApplicationShutdownHook] com.zaxxer.hikari.HikariDataSource       : HikariPool-1 - Shutdown completed.
2023-05-08 16:58:32.986  INFO 2114 --- [main] c.e.S.SimpleProjectApplication           : Starting SimpleProjectApplication using Java 1.8.0_362 on Anhs-MacBook-Pro.local with PID 2114 (/Users/apple/Downloads/Tranning_Vega/Project/SimpleProject/target/classes started by apple in /Users/apple/Downloads/Tranning_Vega/Project/SimpleProject)
2023-05-08 16:58:32.991  INFO 2114 --- [main] c.e.S.SimpleProjectApplication           : No active profile set, falling back to 1 default profile: "default"
2023-05-08 16:58:34.155  INFO 2114 --- [main] .s.d.r.c.RepositoryConfigurationDelegate : Bootstrapping Spring Data JPA repositories in DEFAULT mode.
2023-05-08 16:58:34.258  INFO 2114 --- [main] .s.d.r.c.RepositoryConfigurationDelegate : Finished Spring Data repository scanning in 88 ms. Found 6 JPA repository interfaces.
2023-05-08 16:58:35.072  INFO 2114 --- [main] o.s.b.w.embedded.tomcat.TomcatWebServer  : Tomcat initialized with port(s): 8080 (http)
2023-05-08 16:58:35.090  INFO 2114 --- [main] o.apache.catalina.core.StandardService   : Starting service [Tomcat]
2023-05-08 16:58:35.091  INFO 2114 --- [main] org.apache.catalina.core.StandardEngine  : Starting Servlet engine: [Apache Tomcat/9.0.73]
2023-05-08 16:58:35.258  INFO 2114 --- [main] o.a.c.c.C.[Tomcat].[localhost].[/]       : Initializing Spring embedded WebApplicationContext
2023-05-08 16:58:35.258  INFO 2114 --- [main] w.s.c.ServletWebServerApplicationContext : Root WebApplicationContext: initialization completed in 2183 ms
2023-05-08 16:58:35.553  INFO 2114 --- [main] o.hibernate.jpa.internal.util.LogHelper  : HHH000204: Processing PersistenceUnitInfo [name: default]
2023-05-08 16:58:35.639  INFO 2114 --- [main] org.hibernate.Version                    : HHH000412: Hibernate ORM core version 5.6.15.Final
2023-05-08 16:58:35.881  INFO 2114 --- [main] o.hibernate.annotations.common.Version   : HCANN000001: Hibernate Commons Annotations {5.1.2.Final}
2023-05-08 16:58:36.150  INFO 2114 --- [main] com.zaxxer.hikari.HikariDataSource       : HikariPool-1 - Starting...
2023-05-08 16:58:36.153  WARN 2114 --- [main] com.zaxxer.hikari.util.DriverDataSource  : Registered driver with driverClassName=com.mysql.jdbc.Driver was not found, trying direct instantiation.
2023-05-08 16:58:36.786  INFO 2114 --- [main] com.zaxxer.hikari.HikariDataSource       : HikariPool-1 - Start completed.
2023-05-08 16:58:36.817  INFO 2114 --- [main] org.hibernate.dialect.Dialect            : HHH000400: Using dialect: org.hibernate.dialect.MySQL8Dialect
2023-05-08 16:58:37.879  INFO 2114 --- [main] o.h.e.t.j.p.i.JtaPlatformInitiator       : HHH000490: Using JtaPlatform implementation: [org.hibernate.engine.transaction.jta.platform.internal.NoJtaPlatform]
2023-05-08 16:58:37.899  INFO 2114 --- [main] j.LocalContainerEntityManagerFactoryBean : Initialized JPA EntityManagerFactory for persistence unit 'default'
2023-05-08 16:58:38.841  WARN 2114 --- [main] JpaBaseConfiguration$JpaWebConfiguration : spring.jpa.open-in-view is enabled by default. Therefore, database queries may be performed during view rendering. Explicitly configure spring.jpa.open-in-view to disable this warning
2023-05-08 16:58:39.446  INFO 2114 --- [main] o.s.s.web.DefaultSecurityFilterChain     : Will secure any request with [org.springframework.security.web.session.DisableEncodeUrlFilter@4a520f05, org.springframework.security.web.context.request.async.WebAsyncManagerIntegrationFilter@389a1e34, org.springframework.security.web.context.SecurityContextPersistenceFilter@5f6e2ad9, org.springframework.security.web.header.HeaderWriterFilter@75452aea, org.springframework.web.filter.CorsFilter@204b0f07, org.springframework.security.web.authentication.logout.LogoutFilter@534762ed, com.example.SimpleProject.Filters.JWTAuthenticationFilter@6f68756d, org.springframework.security.web.savedrequest.RequestCacheAwareFilter@1cc9bd9b, org.springframework.security.web.servletapi.SecurityContextHolderAwareRequestFilter@42211e04, org.springframework.security.web.authentication.AnonymousAuthenticationFilter@359865a2, org.springframework.security.web.session.SessionManagementFilter@58b8f9e3, org.springframework.security.web.access.ExceptionTranslationFilter@29892a77, org.springframework.security.web.access.intercept.FilterSecurityInterceptor@63c84d31]
2023-05-08 16:58:40.064  INFO 2114 --- [main] o.s.b.w.embedded.tomcat.TomcatWebServer  : Tomcat started on port(s): 8080 (http) with context path ''
2023-05-08 16:58:40.079  INFO 2114 --- [main] c.e.S.SimpleProjectApplication           : Started SimpleProjectApplication in 7.89 seconds (JVM running for 10.149)
2023-05-08 16:59:09.359  INFO 2114 --- [SpringApplicationShutdownHook] j.LocalContainerEntityManagerFactoryBean : Closing JPA EntityManagerFactory for persistence unit 'default'
2023-05-08 16:59:09.371  INFO 2114 --- [SpringApplicationShutdownHook] com.zaxxer.hikari.HikariDataSource       : HikariPool-1 - Shutdown initiated...
2023-05-08 16:59:09.390  INFO 2114 --- [SpringApplicationShutdownHook] com.zaxxer.hikari.HikariDataSource       : HikariPool-1 - Shutdown completed.
2023-05-08 16:59:14.179  INFO 2138 --- [main] c.e.S.SimpleProjectApplication           : Starting SimpleProjectApplication using Java 1.8.0_362 on Anhs-MacBook-Pro.local with PID 2138 (/Users/apple/Downloads/Tranning_Vega/Project/SimpleProject/target/classes started by apple in /Users/apple/Downloads/Tranning_Vega/Project/SimpleProject)
2023-05-08 16:59:14.195  INFO 2138 --- [main] c.e.S.SimpleProjectApplication           : No active profile set, falling back to 1 default profile: "default"
2023-05-08 16:59:15.252  INFO 2138 --- [main] .s.d.r.c.RepositoryConfigurationDelegate : Bootstrapping Spring Data JPA repositories in DEFAULT mode.
2023-05-08 16:59:15.335  INFO 2138 --- [main] .s.d.r.c.RepositoryConfigurationDelegate : Finished Spring Data repository scanning in 75 ms. Found 6 JPA repository interfaces.
2023-05-08 16:59:15.969  INFO 2138 --- [main] o.s.b.w.embedded.tomcat.TomcatWebServer  : Tomcat initialized with port(s): 8080 (http)
2023-05-08 16:59:15.977  INFO 2138 --- [main] o.apache.catalina.core.StandardService   : Starting service [Tomcat]
2023-05-08 16:59:15.977  INFO 2138 --- [main] org.apache.catalina.core.StandardEngine  : Starting Servlet engine: [Apache Tomcat/9.0.73]
2023-05-08 16:59:16.111  INFO 2138 --- [main] o.a.c.c.C.[Tomcat].[localhost].[/]       : Initializing Spring embedded WebApplicationContext
2023-05-08 16:59:16.111  INFO 2138 --- [main] w.s.c.ServletWebServerApplicationContext : Root WebApplicationContext: initialization completed in 1816 ms
2023-05-08 16:59:16.334  INFO 2138 --- [main] o.hibernate.jpa.internal.util.LogHelper  : HHH000204: Processing PersistenceUnitInfo [name: default]
2023-05-08 16:59:16.369  INFO 2138 --- [main] org.hibernate.Version                    : HHH000412: Hibernate ORM core version 5.6.15.Final
2023-05-08 16:59:16.498  INFO 2138 --- [main] o.hibernate.annotations.common.Version   : HCANN000001: Hibernate Commons Annotations {5.1.2.Final}
2023-05-08 16:59:16.699  INFO 2138 --- [main] com.zaxxer.hikari.HikariDataSource       : HikariPool-1 - Starting...
2023-05-08 16:59:16.701  WARN 2138 --- [main] com.zaxxer.hikari.util.DriverDataSource  : Registered driver with driverClassName=com.mysql.jdbc.Driver was not found, trying direct instantiation.
2023-05-08 16:59:17.022  INFO 2138 --- [main] com.zaxxer.hikari.HikariDataSource       : HikariPool-1 - Start completed.
2023-05-08 16:59:17.040  INFO 2138 --- [main] org.hibernate.dialect.Dialect            : HHH000400: Using dialect: org.hibernate.dialect.MySQL8Dialect
2023-05-08 16:59:17.848  INFO 2138 --- [main] o.h.e.t.j.p.i.JtaPlatformInitiator       : HHH000490: Using JtaPlatform implementation: [org.hibernate.engine.transaction.jta.platform.internal.NoJtaPlatform]
2023-05-08 16:59:17.858  INFO 2138 --- [main] j.LocalContainerEntityManagerFactoryBean : Initialized JPA EntityManagerFactory for persistence unit 'default'
2023-05-08 16:59:18.707  WARN 2138 --- [main] JpaBaseConfiguration$JpaWebConfiguration : spring.jpa.open-in-view is enabled by default. Therefore, database queries may be performed during view rendering. Explicitly configure spring.jpa.open-in-view to disable this warning
2023-05-08 16:59:19.217  INFO 2138 --- [main] o.s.s.web.DefaultSecurityFilterChain     : Will secure any request with [org.springframework.security.web.session.DisableEncodeUrlFilter@359865a2, org.springframework.security.web.context.request.async.WebAsyncManagerIntegrationFilter@5d9bb69b, org.springframework.security.web.context.SecurityContextPersistenceFilter@5341e71a, org.springframework.security.web.header.HeaderWriterFilter@2f07930a, org.springframework.web.filter.CorsFilter@25d0b918, org.springframework.security.web.authentication.logout.LogoutFilter@34cb0e49, com.example.SimpleProject.Filters.JWTAuthenticationFilter@9bf63d2, org.springframework.security.web.savedrequest.RequestCacheAwareFilter@da22aa, org.springframework.security.web.servletapi.SecurityContextHolderAwareRequestFilter@338d47b, org.springframework.security.web.authentication.AnonymousAuthenticationFilter@7ffcb232, org.springframework.security.web.session.SessionManagementFilter@1c6ac73c, org.springframework.security.web.access.ExceptionTranslationFilter@4cfc0c48, org.springframework.security.web.access.intercept.FilterSecurityInterceptor@77cd235b]
2023-05-08 16:59:19.850  INFO 2138 --- [main] o.s.b.w.embedded.tomcat.TomcatWebServer  : Tomcat started on port(s): 8080 (http) with context path ''
2023-05-08 16:59:19.869  INFO 2138 --- [main] c.e.S.SimpleProjectApplication           : Started SimpleProjectApplication in 6.717 seconds (JVM running for 7.955)
2023-05-08 16:59:29.250  INFO 2138 --- [http-nio-8080-exec-1] o.a.c.c.C.[Tomcat].[localhost].[/]       : Initializing Spring DispatcherServlet 'dispatcherServlet'
2023-05-08 16:59:29.251  INFO 2138 --- [http-nio-8080-exec-1] o.s.web.servlet.DispatcherServlet        : Initializing Servlet 'dispatcherServlet'
2023-05-08 16:59:29.257  INFO 2138 --- [http-nio-8080-exec-1] o.s.web.servlet.DispatcherServlet        : Completed initialization in 5 ms
2023-05-08 17:46:15.990  INFO 2138 --- [http-nio-8080-exec-9] o.apache.coyote.http11.Http11Processor   : Error parsing HTTP request header
 Note: further occurrences of HTTP request parsing errors will be logged at DEBUG level.

java.lang.IllegalArgumentException: Invalid character found in method name [0x160x030x010x020x000x010x000x010xfc0x030x030xec#a0x910xe20x1e0xd990x1cH0x130x7fNSa0x09+ ]. HTTP method names must be tokens
	at org.apache.coyote.http11.Http11InputBuffer.parseRequestLine(Http11InputBuffer.java:407) ~[tomcat-embed-core-9.0.73.jar:9.0.73]
	at org.apache.coyote.http11.Http11Processor.service(Http11Processor.java:262) ~[tomcat-embed-core-9.0.73.jar:9.0.73]
	at org.apache.coyote.AbstractProcessorLight.process(AbstractProcessorLight.java:63) [tomcat-embed-core-9.0.73.jar:9.0.73]
	at org.apache.coyote.AbstractProtocol$ConnectionHandler.process(AbstractProtocol.java:926) [tomcat-embed-core-9.0.73.jar:9.0.73]
	at org.apache.tomcat.util.net.NioEndpoint$SocketProcessor.doRun(NioEndpoint.java:1791) [tomcat-embed-core-9.0.73.jar:9.0.73]
	at org.apache.tomcat.util.net.SocketProcessorBase.run(SocketProcessorBase.java:49) [tomcat-embed-core-9.0.73.jar:9.0.73]
	at org.apache.tomcat.util.threads.ThreadPoolExecutor.runWorker(ThreadPoolExecutor.java:1191) [tomcat-embed-core-9.0.73.jar:9.0.73]
	at org.apache.tomcat.util.threads.ThreadPoolExecutor$Worker.run(ThreadPoolExecutor.java:659) [tomcat-embed-core-9.0.73.jar:9.0.73]
	at org.apache.tomcat.util.threads.TaskThread$WrappingRunnable.run(TaskThread.java:61) [tomcat-embed-core-9.0.73.jar:9.0.73]
	at java.lang.Thread.run(Thread.java:750) [na:1.8.0_362]

2023-05-08 18:00:46.327  INFO 2138 --- [pool-2-thread-1] c.e.SimpleProject.Thread.workThread      : Thread pool-2-thread-1
2023-05-08 18:00:46.429  INFO 2138 --- [scheduling-1] c.e.S.Thread.MakingTaskThreads           : [1/10] Active: 1, Task: 1
2023-05-08 18:00:46.430  INFO 2138 --- [pool-2-thread-2] c.e.SimpleProject.Thread.workThread      : Thread pool-2-thread-2
2023-05-08 18:00:46.533  INFO 2138 --- [scheduling-1] c.e.S.Thread.MakingTaskThreads           : [2/10] Active: 2, Task: 2
2023-05-08 18:00:46.534  INFO 2138 --- [pool-2-thread-3] c.e.SimpleProject.Thread.workThread      : Thread pool-2-thread-3
2023-05-08 18:00:46.634  INFO 2138 --- [scheduling-1] c.e.S.Thread.MakingTaskThreads           : [3/10] Active: 3, Task: 3
2023-05-08 18:00:47.500  INFO 2138 --- [pool-2-thread-1] c.e.SimpleProject.Thread.workThread      : Send SMS to (274) 203-9720 successfully
2023-05-08 18:00:47.500  INFO 2138 --- [pool-2-thread-2] c.e.SimpleProject.Thread.workThread      : Send SMS to (282) 800-5537 successfully
2023-05-08 18:05:16.954  INFO 2138 --- [pool-3-thread-1] c.e.SimpleProject.Thread.workThread      : Thread pool-3-thread-1
2023-05-08 18:05:17.055  INFO 2138 --- [scheduling-1] c.e.S.Thread.MakingTaskThreads           : [1/10] Active: 1, Task: 1
2023-05-08 18:05:17.059  INFO 2138 --- [pool-3-thread-2] c.e.SimpleProject.Thread.workThread      : Thread pool-3-thread-2
2023-05-08 18:05:17.159  INFO 2138 --- [scheduling-1] c.e.S.Thread.MakingTaskThreads           : [2/10] Active: 2, Task: 2
2023-05-08 18:05:17.165  INFO 2138 --- [pool-3-thread-3] c.e.SimpleProject.Thread.workThread      : Thread pool-3-thread-3
2023-05-08 18:05:17.261  INFO 2138 --- [scheduling-1] c.e.S.Thread.MakingTaskThreads           : [3/10] Active: 3, Task: 3
2023-05-08 18:05:17.267  INFO 2138 --- [pool-3-thread-4] c.e.SimpleProject.Thread.workThread      : Thread pool-3-thread-4
2023-05-08 18:05:17.368  INFO 2138 --- [scheduling-1] c.e.S.Thread.MakingTaskThreads           : [4/10] Active: 4, Task: 4
2023-05-08 18:05:17.370  INFO 2138 --- [pool-3-thread-5] c.e.SimpleProject.Thread.workThread      : Thread pool-3-thread-5
2023-05-08 18:05:17.469  INFO 2138 --- [scheduling-1] c.e.S.Thread.MakingTaskThreads           : [5/10] Active: 5, Task: 5
2023-05-08 18:05:18.273  INFO 2138 --- [pool-3-thread-2] c.e.SimpleProject.Thread.workThread      : Send SMS to (563) 348-4921 successfully
2023-05-08 18:05:18.371  INFO 2138 --- [pool-3-thread-3] c.e.SimpleProject.Thread.workThread      : Send SMS to (375) 962-7780 successfully
2023-05-08 18:05:18.378  INFO 2138 --- [pool-3-thread-4] c.e.SimpleProject.Thread.workThread      : Send SMS to (842) 421-2361 successfully
2023-05-08 18:08:44.534  INFO 2138 --- [SpringApplicationShutdownHook] j.LocalContainerEntityManagerFactoryBean : Closing JPA EntityManagerFactory for persistence unit 'default'
2023-05-08 18:08:44.579  INFO 2138 --- [SpringApplicationShutdownHook] com.zaxxer.hikari.HikariDataSource       : HikariPool-1 - Shutdown initiated...
2023-05-08 18:08:44.611  INFO 2138 --- [SpringApplicationShutdownHook] com.zaxxer.hikari.HikariDataSource       : HikariPool-1 - Shutdown completed.
2023-05-08 18:09:03.299  INFO 2898 --- [main] c.e.S.SimpleProjectApplication           : Starting SimpleProjectApplication using Java 1.8.0_362 on Anhs-MacBook-Pro.local with PID 2898 (/Users/apple/Downloads/Tranning_Vega/Project/SimpleProject/target/classes started by apple in /Users/apple/Downloads/Tranning_Vega/Project/SimpleProject)
2023-05-08 18:09:03.334  INFO 2898 --- [main] c.e.S.SimpleProjectApplication           : No active profile set, falling back to 1 default profile: "default"
2023-05-08 18:09:04.616  INFO 2898 --- [main] .s.d.r.c.RepositoryConfigurationDelegate : Bootstrapping Spring Data JPA repositories in DEFAULT mode.
2023-05-08 18:09:04.733  INFO 2898 --- [main] .s.d.r.c.RepositoryConfigurationDelegate : Finished Spring Data repository scanning in 107 ms. Found 6 JPA repository interfaces.
2023-05-08 18:09:05.388  INFO 2898 --- [main] o.s.b.w.embedded.tomcat.TomcatWebServer  : Tomcat initialized with port(s): 8080 (http)
2023-05-08 18:09:05.396  INFO 2898 --- [main] o.apache.catalina.core.StandardService   : Starting service [Tomcat]
2023-05-08 18:09:05.396  INFO 2898 --- [main] org.apache.catalina.core.StandardEngine  : Starting Servlet engine: [Apache Tomcat/9.0.73]
2023-05-08 18:09:05.517  INFO 2898 --- [main] o.a.c.c.C.[Tomcat].[localhost].[/]       : Initializing Spring embedded WebApplicationContext
2023-05-08 18:09:05.518  INFO 2898 --- [main] w.s.c.ServletWebServerApplicationContext : Root WebApplicationContext: initialization completed in 2047 ms
2023-05-08 18:09:05.753  INFO 2898 --- [main] o.hibernate.jpa.internal.util.LogHelper  : HHH000204: Processing PersistenceUnitInfo [name: default]
2023-05-08 18:09:05.802  INFO 2898 --- [main] org.hibernate.Version                    : HHH000412: Hibernate ORM core version 5.6.15.Final
2023-05-08 18:09:05.946  INFO 2898 --- [main] o.hibernate.annotations.common.Version   : HCANN000001: Hibernate Commons Annotations {5.1.2.Final}
2023-05-08 18:09:06.137  INFO 2898 --- [main] com.zaxxer.hikari.HikariDataSource       : HikariPool-1 - Starting...
2023-05-08 18:09:06.139  WARN 2898 --- [main] com.zaxxer.hikari.util.DriverDataSource  : Registered driver with driverClassName=com.mysql.jdbc.Driver was not found, trying direct instantiation.
2023-05-08 18:09:06.724  INFO 2898 --- [main] com.zaxxer.hikari.HikariDataSource       : HikariPool-1 - Start completed.
2023-05-08 18:09:06.742  INFO 2898 --- [main] org.hibernate.dialect.Dialect            : HHH000400: Using dialect: org.hibernate.dialect.MySQL8Dialect
2023-05-08 18:09:07.630  INFO 2898 --- [main] o.h.e.t.j.p.i.JtaPlatformInitiator       : HHH000490: Using JtaPlatform implementation: [org.hibernate.engine.transaction.jta.platform.internal.NoJtaPlatform]
2023-05-08 18:09:07.640  INFO 2898 --- [main] j.LocalContainerEntityManagerFactoryBean : Initialized JPA EntityManagerFactory for persistence unit 'default'
2023-05-08 18:09:08.432  WARN 2898 --- [main] JpaBaseConfiguration$JpaWebConfiguration : spring.jpa.open-in-view is enabled by default. Therefore, database queries may be performed during view rendering. Explicitly configure spring.jpa.open-in-view to disable this warning
2023-05-08 18:09:08.906  INFO 2898 --- [main] o.s.s.web.DefaultSecurityFilterChain     : Will secure any request with [org.springframework.security.web.session.DisableEncodeUrlFilter@77cd235b, org.springframework.security.web.context.request.async.WebAsyncManagerIntegrationFilter@302da330, org.springframework.security.web.context.SecurityContextPersistenceFilter@365bfc5f, org.springframework.security.web.header.HeaderWriterFilter@13c90c06, org.springframework.web.filter.CorsFilter@3568ea59, org.springframework.security.web.authentication.logout.LogoutFilter@42211e04, com.example.SimpleProject.Filters.JWTAuthenticationFilter@9f2376f, org.springframework.security.web.savedrequest.RequestCacheAwareFilter@37a3ec27, org.springframework.security.web.servletapi.SecurityContextHolderAwareRequestFilter@6c24f61d, org.springframework.security.web.authentication.AnonymousAuthenticationFilter@173b1af1, org.springframework.security.web.session.SessionManagementFilter@ac4e690, org.springframework.security.web.access.ExceptionTranslationFilter@2f07930a, org.springframework.security.web.access.intercept.FilterSecurityInterceptor@5d800a56]
2023-05-08 18:09:09.557  INFO 2898 --- [main] o.s.b.w.embedded.tomcat.TomcatWebServer  : Tomcat started on port(s): 8080 (http) with context path ''
2023-05-08 18:09:09.579  INFO 2898 --- [main] c.e.S.SimpleProjectApplication           : Started SimpleProjectApplication in 7.135 seconds (JVM running for 8.411)
2023-05-08 18:09:34.758  INFO 2898 --- [pool-2-thread-1] c.e.SimpleProject.Thread.workThread      : Thread pool-2-thread-1
2023-05-08 18:09:34.862  INFO 2898 --- [scheduling-1] c.e.S.Thread.MakingTaskThreads           : [1/10] Active: 1, Task: 1
2023-05-08 18:09:34.863  INFO 2898 --- [pool-2-thread-2] c.e.SimpleProject.Thread.workThread      : Thread pool-2-thread-2
2023-05-08 18:09:34.966  INFO 2898 --- [scheduling-1] c.e.S.Thread.MakingTaskThreads           : [2/10] Active: 2, Task: 2
2023-05-08 18:09:34.967  INFO 2898 --- [pool-2-thread-3] c.e.SimpleProject.Thread.workThread      : Thread pool-2-thread-3
2023-05-08 18:09:35.071  INFO 2898 --- [scheduling-1] c.e.S.Thread.MakingTaskThreads           : [3/10] Active: 3, Task: 3
2023-05-08 18:09:35.073  INFO 2898 --- [pool-2-thread-4] c.e.SimpleProject.Thread.workThread      : Thread pool-2-thread-4
2023-05-08 18:09:35.173  INFO 2898 --- [scheduling-1] c.e.S.Thread.MakingTaskThreads           : [4/10] Active: 4, Task: 4
2023-05-08 18:09:35.175  INFO 2898 --- [pool-2-thread-5] c.e.SimpleProject.Thread.workThread      : Thread pool-2-thread-5
2023-05-08 18:09:35.275  INFO 2898 --- [scheduling-1] c.e.S.Thread.MakingTaskThreads           : [5/10] Active: 5, Task: 5
2023-05-08 18:09:35.940  INFO 2898 --- [pool-2-thread-2] c.e.SimpleProject.Thread.workThread      : Send SMS to (304) 796-7112 successfully
2023-05-08 18:09:36.015  INFO 2898 --- [pool-2-thread-3] c.e.SimpleProject.Thread.workThread      : Send SMS to (424) 859-8436 successfully
2023-05-08 18:09:36.101  INFO 2898 --- [pool-2-thread-4] c.e.SimpleProject.Thread.workThread      : Send SMS to (329) 557-7905 successfully
2023-05-08 18:09:36.211  INFO 2898 --- [pool-2-thread-5] c.e.SimpleProject.Thread.workThread      : Send SMS to (534) 834-7505 successfully
2023-05-08 18:09:36.846  INFO 2898 --- [pool-2-thread-1] c.e.SimpleProject.Thread.workThread      : Send SMS to (237) 736-9534 successfully
2023-05-08 18:09:47.190  INFO 2898 --- [SpringApplicationShutdownHook] j.LocalContainerEntityManagerFactoryBean : Closing JPA EntityManagerFactory for persistence unit 'default'
2023-05-08 18:09:47.196  INFO 2898 --- [SpringApplicationShutdownHook] com.zaxxer.hikari.HikariDataSource       : HikariPool-1 - Shutdown initiated...
2023-05-08 18:09:47.216  INFO 2898 --- [SpringApplicationShutdownHook] com.zaxxer.hikari.HikariDataSource       : HikariPool-1 - Shutdown completed.
