2023-05-09 09:55:04.529  INFO 4582 --- [main] c.e.S.SimpleProjectApplication           : Starting SimpleProjectApplication using Java 1.8.0_362 on Anhs-MacBook-Pro.local with PID 4582 (/Users/apple/Downloads/Tranning_Vega/Project/SimpleProject/target/classes started by apple in /Users/apple/Downloads/Tranning_Vega/Project/SimpleProject)
2023-05-09 09:55:04.539  INFO 4582 --- [main] c.e.S.SimpleProjectApplication           : No active profile set, falling back to 1 default profile: "default"
2023-05-09 09:55:05.617  INFO 4582 --- [main] .s.d.r.c.RepositoryConfigurationDelegate : Bootstrapping Spring Data JPA repositories in DEFAULT mode.
2023-05-09 09:55:05.693  INFO 4582 --- [main] .s.d.r.c.RepositoryConfigurationDelegate : Finished Spring Data repository scanning in 68 ms. Found 6 JPA repository interfaces.
2023-05-09 09:55:06.364  INFO 4582 --- [main] o.s.b.w.embedded.tomcat.TomcatWebServer  : Tomcat initialized with port(s): 8080 (http)
2023-05-09 09:55:06.372  INFO 4582 --- [main] o.apache.catalina.core.StandardService   : Starting service [Tomcat]
2023-05-09 09:55:06.372  INFO 4582 --- [main] org.apache.catalina.core.StandardEngine  : Starting Servlet engine: [Apache Tomcat/9.0.73]
2023-05-09 09:55:06.472  INFO 4582 --- [main] o.a.c.c.C.[Tomcat].[localhost].[/]       : Initializing Spring embedded WebApplicationContext
2023-05-09 09:55:06.472  INFO 4582 --- [main] w.s.c.ServletWebServerApplicationContext : Root WebApplicationContext: initialization completed in 1845 ms
2023-05-09 09:55:06.683  INFO 4582 --- [main] o.hibernate.jpa.internal.util.LogHelper  : HHH000204: Processing PersistenceUnitInfo [name: default]
2023-05-09 09:55:06.715  INFO 4582 --- [main] org.hibernate.Version                    : HHH000412: Hibernate ORM core version 5.6.15.Final
2023-05-09 09:55:06.900  INFO 4582 --- [main] o.hibernate.annotations.common.Version   : HCANN000001: Hibernate Commons Annotations {5.1.2.Final}
2023-05-09 09:55:07.145  INFO 4582 --- [main] com.zaxxer.hikari.HikariDataSource       : HikariPool-1 - Starting...
2023-05-09 09:55:07.148  WARN 4582 --- [main] com.zaxxer.hikari.util.DriverDataSource  : Registered driver with driverClassName=com.mysql.jdbc.Driver was not found, trying direct instantiation.
2023-05-09 09:55:07.704  INFO 4582 --- [main] com.zaxxer.hikari.HikariDataSource       : HikariPool-1 - Start completed.
2023-05-09 09:55:07.721  INFO 4582 --- [main] org.hibernate.dialect.Dialect            : HHH000400: Using dialect: org.hibernate.dialect.MySQL8Dialect
2023-05-09 09:55:08.479  INFO 4582 --- [main] o.h.e.t.j.p.i.JtaPlatformInitiator       : HHH000490: Using JtaPlatform implementation: [org.hibernate.engine.transaction.jta.platform.internal.NoJtaPlatform]
2023-05-09 09:55:08.492  INFO 4582 --- [main] j.LocalContainerEntityManagerFactoryBean : Initialized JPA EntityManagerFactory for persistence unit 'default'
2023-05-09 09:55:09.253  WARN 4582 --- [main] JpaBaseConfiguration$JpaWebConfiguration : spring.jpa.open-in-view is enabled by default. Therefore, database queries may be performed during view rendering. Explicitly configure spring.jpa.open-in-view to disable this warning
2023-05-09 09:55:09.601  INFO 4582 --- [main] o.s.s.web.DefaultSecurityFilterChain     : Will secure any request with [org.springframework.security.web.session.DisableEncodeUrlFilter@7f53fc38, org.springframework.security.web.context.request.async.WebAsyncManagerIntegrationFilter@5feb82b3, org.springframework.security.web.context.SecurityContextPersistenceFilter@338d47b, org.springframework.security.web.header.HeaderWriterFilter@365bfc5f, org.springframework.web.filter.CorsFilter@2d38db6f, org.springframework.security.web.authentication.logout.LogoutFilter@3b65084e, com.example.SimpleProject.Filters.JWTAuthenticationFilter@37cf91d8, org.springframework.security.web.savedrequest.RequestCacheAwareFilter@2729bb71, org.springframework.security.web.servletapi.SecurityContextHolderAwareRequestFilter@3212bfd, org.springframework.security.web.authentication.AnonymousAuthenticationFilter@571d0925, org.springframework.security.web.session.SessionManagementFilter@14292d71, org.springframework.security.web.access.ExceptionTranslationFilter@5341e71a, org.springframework.security.web.access.intercept.FilterSecurityInterceptor@4a520f05]
2023-05-09 09:55:10.013  INFO 4582 --- [main] o.s.b.w.embedded.tomcat.TomcatWebServer  : Tomcat started on port(s): 8080 (http) with context path ''
2023-05-09 09:55:10.025  INFO 4582 --- [main] c.e.S.SimpleProjectApplication           : Started SimpleProjectApplication in 6.156 seconds (JVM running for 7.304)
2023-05-09 09:55:35.236  INFO 4582 --- [pool-2-thread-1] c.e.SimpleProject.Thread.workThread      : Thread pool-2-thread-1
2023-05-09 09:55:35.338  INFO 4582 --- [scheduling-1] c.e.S.Thread.MakingTaskThreads           : [1/10] Active: 1, Task: 1
2023-05-09 09:55:35.340  INFO 4582 --- [pool-2-thread-2] c.e.SimpleProject.Thread.workThread      : Thread pool-2-thread-2
2023-05-09 09:55:35.442  INFO 4582 --- [scheduling-1] c.e.S.Thread.MakingTaskThreads           : [2/10] Active: 2, Task: 2
2023-05-09 09:55:35.443  INFO 4582 --- [pool-2-thread-3] c.e.SimpleProject.Thread.workThread      : Thread pool-2-thread-3
2023-05-09 09:55:35.543  INFO 4582 --- [scheduling-1] c.e.S.Thread.MakingTaskThreads           : [3/10] Active: 3, Task: 3
2023-05-09 09:55:40.550  INFO 4582 --- [pool-3-thread-1] c.e.SimpleProject.Thread.workThread      : Thread pool-3-thread-1
2023-05-09 09:55:40.652  INFO 4582 --- [scheduling-1] c.e.S.Thread.MakingTaskThreads           : [1/10] Active: 0, Task: 1
2023-05-09 09:55:40.653  INFO 4582 --- [pool-3-thread-3] c.e.SimpleProject.Thread.workThread      : Thread pool-3-thread-3
2023-05-09 09:55:40.754  INFO 4582 --- [scheduling-1] c.e.S.Thread.MakingTaskThreads           : [2/10] Active: 0, Task: 2
2023-05-09 09:55:40.755  INFO 4582 --- [pool-3-thread-5] c.e.SimpleProject.Thread.workThread      : Thread pool-3-thread-5
2023-05-09 09:55:40.857  INFO 4582 --- [scheduling-1] c.e.S.Thread.MakingTaskThreads           : [3/10] Active: 0, Task: 3
2023-05-09 09:55:45.865  INFO 4582 --- [pool-4-thread-1] c.e.SimpleProject.Thread.workThread      : Thread pool-4-thread-1
2023-05-09 09:55:45.970  INFO 4582 --- [scheduling-1] c.e.S.Thread.MakingTaskThreads           : [1/10] Active: 0, Task: 1
2023-05-09 09:55:45.972  INFO 4582 --- [pool-4-thread-3] c.e.SimpleProject.Thread.workThread      : Thread pool-4-thread-3
2023-05-09 09:55:46.074  INFO 4582 --- [scheduling-1] c.e.S.Thread.MakingTaskThreads           : [2/10] Active: 0, Task: 2
2023-05-09 09:55:46.076  INFO 4582 --- [pool-4-thread-5] c.e.SimpleProject.Thread.workThread      : Thread pool-4-thread-5
2023-05-09 09:55:46.176  INFO 4582 --- [scheduling-1] c.e.S.Thread.MakingTaskThreads           : [3/10] Active: 0, Task: 3
2023-05-09 09:55:51.187  INFO 4582 --- [pool-5-thread-1] c.e.SimpleProject.Thread.workThread      : Thread pool-5-thread-1
2023-05-09 09:55:51.293  INFO 4582 --- [scheduling-1] c.e.S.Thread.MakingTaskThreads           : [1/10] Active: 0, Task: 1
2023-05-09 09:55:51.294  INFO 4582 --- [pool-5-thread-3] c.e.SimpleProject.Thread.workThread      : Thread pool-5-thread-3
2023-05-09 09:55:51.397  INFO 4582 --- [scheduling-1] c.e.S.Thread.MakingTaskThreads           : [2/10] Active: 0, Task: 2
2023-05-09 09:55:51.398  INFO 4582 --- [pool-5-thread-5] c.e.SimpleProject.Thread.workThread      : Thread pool-5-thread-5
2023-05-09 09:55:51.500  INFO 4582 --- [scheduling-1] c.e.S.Thread.MakingTaskThreads           : [3/10] Active: 0, Task: 3
2023-05-09 09:55:56.506  INFO 4582 --- [pool-6-thread-1] c.e.SimpleProject.Thread.workThread      : Thread pool-6-thread-1
2023-05-09 09:55:56.610  INFO 4582 --- [scheduling-1] c.e.S.Thread.MakingTaskThreads           : [1/10] Active: 0, Task: 1
2023-05-09 09:55:56.612  INFO 4582 --- [pool-6-thread-3] c.e.SimpleProject.Thread.workThread      : Thread pool-6-thread-3
2023-05-09 09:55:56.716  INFO 4582 --- [scheduling-1] c.e.S.Thread.MakingTaskThreads           : [2/10] Active: 0, Task: 2
2023-05-09 09:55:56.717  INFO 4582 --- [pool-6-thread-5] c.e.SimpleProject.Thread.workThread      : Thread pool-6-thread-5
2023-05-09 09:55:56.820  INFO 4582 --- [scheduling-1] c.e.S.Thread.MakingTaskThreads           : [3/10] Active: 0, Task: 3
2023-05-09 09:56:01.832  INFO 4582 --- [pool-7-thread-1] c.e.SimpleProject.Thread.workThread      : Thread pool-7-thread-1
2023-05-09 09:56:01.937  INFO 4582 --- [scheduling-1] c.e.S.Thread.MakingTaskThreads           : [1/10] Active: 0, Task: 1
2023-05-09 09:56:01.937  INFO 4582 --- [pool-7-thread-3] c.e.SimpleProject.Thread.workThread      : Thread pool-7-thread-3
2023-05-09 09:56:02.040  INFO 4582 --- [scheduling-1] c.e.S.Thread.MakingTaskThreads           : [2/10] Active: 0, Task: 2
2023-05-09 09:56:02.041  INFO 4582 --- [pool-7-thread-5] c.e.SimpleProject.Thread.workThread      : Thread pool-7-thread-5
2023-05-09 09:56:02.146  INFO 4582 --- [scheduling-1] c.e.S.Thread.MakingTaskThreads           : [3/10] Active: 0, Task: 3
2023-05-09 09:56:07.155  INFO 4582 --- [pool-8-thread-1] c.e.SimpleProject.Thread.workThread      : Thread pool-8-thread-1
2023-05-09 09:56:07.256  INFO 4582 --- [scheduling-1] c.e.S.Thread.MakingTaskThreads           : [1/10] Active: 0, Task: 1
2023-05-09 09:56:07.256  INFO 4582 --- [pool-8-thread-3] c.e.SimpleProject.Thread.workThread      : Thread pool-8-thread-3
2023-05-09 09:56:07.361  INFO 4582 --- [scheduling-1] c.e.S.Thread.MakingTaskThreads           : [2/10] Active: 0, Task: 2
2023-05-09 09:56:07.362  INFO 4582 --- [pool-8-thread-5] c.e.SimpleProject.Thread.workThread      : Thread pool-8-thread-5
2023-05-09 09:56:07.463  INFO 4582 --- [scheduling-1] c.e.S.Thread.MakingTaskThreads           : [3/10] Active: 0, Task: 3
2023-05-09 09:56:11.723  INFO 4582 --- [SpringApplicationShutdownHook] j.LocalContainerEntityManagerFactoryBean : Closing JPA EntityManagerFactory for persistence unit 'default'
2023-05-09 09:56:11.725  INFO 4582 --- [SpringApplicationShutdownHook] com.zaxxer.hikari.HikariDataSource       : HikariPool-1 - Shutdown initiated...
2023-05-09 09:56:11.760  INFO 4582 --- [SpringApplicationShutdownHook] com.zaxxer.hikari.HikariDataSource       : HikariPool-1 - Shutdown completed.
2023-05-09 09:57:59.897  INFO 4616 --- [main] c.e.S.SimpleProjectApplication           : Starting SimpleProjectApplication using Java 1.8.0_362 on Anhs-MacBook-Pro.local with PID 4616 (/Users/apple/Downloads/Tranning_Vega/Project/SimpleProject/target/classes started by apple in /Users/apple/Downloads/Tranning_Vega/Project/SimpleProject)
2023-05-09 09:57:59.909  INFO 4616 --- [main] c.e.S.SimpleProjectApplication           : No active profile set, falling back to 1 default profile: "default"
2023-05-09 09:58:00.749  INFO 4616 --- [main] .s.d.r.c.RepositoryConfigurationDelegate : Bootstrapping Spring Data JPA repositories in DEFAULT mode.
2023-05-09 09:58:00.817  INFO 4616 --- [main] .s.d.r.c.RepositoryConfigurationDelegate : Finished Spring Data repository scanning in 61 ms. Found 6 JPA repository interfaces.
2023-05-09 09:58:01.301  INFO 4616 --- [main] o.s.b.w.embedded.tomcat.TomcatWebServer  : Tomcat initialized with port(s): 8080 (http)
2023-05-09 09:58:01.307  INFO 4616 --- [main] o.apache.catalina.core.StandardService   : Starting service [Tomcat]
2023-05-09 09:58:01.307  INFO 4616 --- [main] org.apache.catalina.core.StandardEngine  : Starting Servlet engine: [Apache Tomcat/9.0.73]
2023-05-09 09:58:01.388  INFO 4616 --- [main] o.a.c.c.C.[Tomcat].[localhost].[/]       : Initializing Spring embedded WebApplicationContext
2023-05-09 09:58:01.388  INFO 4616 --- [main] w.s.c.ServletWebServerApplicationContext : Root WebApplicationContext: initialization completed in 1389 ms
2023-05-09 09:58:01.563  INFO 4616 --- [main] o.hibernate.jpa.internal.util.LogHelper  : HHH000204: Processing PersistenceUnitInfo [name: default]
2023-05-09 09:58:01.599  INFO 4616 --- [main] org.hibernate.Version                    : HHH000412: Hibernate ORM core version 5.6.15.Final
2023-05-09 09:58:01.703  INFO 4616 --- [main] o.hibernate.annotations.common.Version   : HCANN000001: Hibernate Commons Annotations {5.1.2.Final}
2023-05-09 09:58:01.848  INFO 4616 --- [main] com.zaxxer.hikari.HikariDataSource       : HikariPool-1 - Starting...
2023-05-09 09:58:01.850  WARN 4616 --- [main] com.zaxxer.hikari.util.DriverDataSource  : Registered driver with driverClassName=com.mysql.jdbc.Driver was not found, trying direct instantiation.
2023-05-09 09:58:02.085  INFO 4616 --- [main] com.zaxxer.hikari.HikariDataSource       : HikariPool-1 - Start completed.
2023-05-09 09:58:02.098  INFO 4616 --- [main] org.hibernate.dialect.Dialect            : HHH000400: Using dialect: org.hibernate.dialect.MySQL8Dialect
2023-05-09 09:58:02.858  INFO 4616 --- [main] o.h.e.t.j.p.i.JtaPlatformInitiator       : HHH000490: Using JtaPlatform implementation: [org.hibernate.engine.transaction.jta.platform.internal.NoJtaPlatform]
2023-05-09 09:58:02.866  INFO 4616 --- [main] j.LocalContainerEntityManagerFactoryBean : Initialized JPA EntityManagerFactory for persistence unit 'default'
2023-05-09 09:58:03.437  WARN 4616 --- [main] JpaBaseConfiguration$JpaWebConfiguration : spring.jpa.open-in-view is enabled by default. Therefore, database queries may be performed during view rendering. Explicitly configure spring.jpa.open-in-view to disable this warning
2023-05-09 09:58:03.775  INFO 4616 --- [main] o.s.s.web.DefaultSecurityFilterChain     : Will secure any request with [org.springframework.security.web.session.DisableEncodeUrlFilter@9f2376f, org.springframework.security.web.context.request.async.WebAsyncManagerIntegrationFilter@173b1af1, org.springframework.security.web.context.SecurityContextPersistenceFilter@5f6e2ad9, org.springframework.security.web.header.HeaderWriterFilter@75452aea, org.springframework.web.filter.CorsFilter@4a520f05, org.springframework.security.web.authentication.logout.LogoutFilter@534762ed, com.example.SimpleProject.Filters.JWTAuthenticationFilter@389a1e34, org.springframework.security.web.savedrequest.RequestCacheAwareFilter@1cc9bd9b, org.springframework.security.web.servletapi.SecurityContextHolderAwareRequestFilter@42211e04, org.springframework.security.web.authentication.AnonymousAuthenticationFilter@204b0f07, org.springframework.security.web.session.SessionManagementFilter@58b8f9e3, org.springframework.security.web.access.ExceptionTranslationFilter@283baa39, org.springframework.security.web.access.intercept.FilterSecurityInterceptor@abc7005]
2023-05-09 09:58:04.179  INFO 4616 --- [main] o.s.b.w.embedded.tomcat.TomcatWebServer  : Tomcat started on port(s): 8080 (http) with context path ''
2023-05-09 09:58:04.191  INFO 4616 --- [main] c.e.S.SimpleProjectApplication           : Started SimpleProjectApplication in 4.818 seconds (JVM running for 5.671)
2023-05-09 09:58:04.258  INFO 4616 --- [pool-2-thread-1] c.e.SimpleProject.Thread.workThread      : Thread pool-2-thread-1
2023-05-09 09:58:04.361  INFO 4616 --- [scheduling-1] c.e.S.Thread.MakingTaskThreads           : [1/10] Active: 1, Task: 1
2023-05-09 09:58:04.363  INFO 4616 --- [pool-2-thread-2] c.e.SimpleProject.Thread.workThread      : Thread pool-2-thread-2
2023-05-09 09:58:04.466  INFO 4616 --- [scheduling-1] c.e.S.Thread.MakingTaskThreads           : [2/10] Active: 2, Task: 2
2023-05-09 09:58:04.467  INFO 4616 --- [pool-2-thread-3] c.e.SimpleProject.Thread.workThread      : Thread pool-2-thread-3
2023-05-09 09:58:04.569  INFO 4616 --- [scheduling-1] c.e.S.Thread.MakingTaskThreads           : [3/10] Active: 3, Task: 3
2023-05-09 09:58:09.580  INFO 4616 --- [pool-3-thread-1] c.e.SimpleProject.Thread.workThread      : Thread pool-3-thread-1
2023-05-09 09:58:09.682  INFO 4616 --- [scheduling-1] c.e.S.Thread.MakingTaskThreads           : [1/10] Active: 1, Task: 1
2023-05-09 09:58:09.682  INFO 4616 --- [pool-3-thread-2] c.e.SimpleProject.Thread.workThread      : Thread pool-3-thread-2
2023-05-09 09:58:09.787  INFO 4616 --- [scheduling-1] c.e.S.Thread.MakingTaskThreads           : [2/10] Active: 2, Task: 2
2023-05-09 09:58:09.788  INFO 4616 --- [pool-3-thread-3] c.e.SimpleProject.Thread.workThread      : Thread pool-3-thread-3
2023-05-09 09:58:09.893  INFO 4616 --- [scheduling-1] c.e.S.Thread.MakingTaskThreads           : [3/10] Active: 0, Task: 3
2023-05-09 09:58:14.902  INFO 4616 --- [pool-4-thread-1] c.e.SimpleProject.Thread.workThread      : Thread pool-4-thread-1
2023-05-09 09:58:15.003  INFO 4616 --- [scheduling-1] c.e.S.Thread.MakingTaskThreads           : [1/10] Active: 1, Task: 1
2023-05-09 09:58:15.004  INFO 4616 --- [pool-4-thread-2] c.e.SimpleProject.Thread.workThread      : Thread pool-4-thread-2
2023-05-09 09:58:15.104  INFO 4616 --- [scheduling-1] c.e.S.Thread.MakingTaskThreads           : [2/10] Active: 0, Task: 2
2023-05-09 09:58:15.106  INFO 4616 --- [pool-4-thread-5] c.e.SimpleProject.Thread.workThread      : Thread pool-4-thread-5
2023-05-09 09:58:15.207  INFO 4616 --- [scheduling-1] c.e.S.Thread.MakingTaskThreads           : [3/10] Active: 0, Task: 3
2023-05-09 09:58:20.216  INFO 4616 --- [pool-5-thread-1] c.e.SimpleProject.Thread.workThread      : Thread pool-5-thread-1
2023-05-09 09:58:20.320  INFO 4616 --- [scheduling-1] c.e.S.Thread.MakingTaskThreads           : [1/10] Active: 1, Task: 1
2023-05-09 09:58:20.322  INFO 4616 --- [pool-5-thread-2] c.e.SimpleProject.Thread.workThread      : Thread pool-5-thread-2
2023-05-09 09:58:20.426  INFO 4616 --- [scheduling-1] c.e.S.Thread.MakingTaskThreads           : [2/10] Active: 0, Task: 2
2023-05-09 09:58:20.428  INFO 4616 --- [pool-5-thread-5] c.e.SimpleProject.Thread.workThread      : Thread pool-5-thread-5
2023-05-09 09:58:20.533  INFO 4616 --- [scheduling-1] c.e.S.Thread.MakingTaskThreads           : [3/10] Active: 0, Task: 3
2023-05-09 09:58:25.542  INFO 4616 --- [pool-6-thread-1] c.e.SimpleProject.Thread.workThread      : Thread pool-6-thread-1
2023-05-09 09:58:25.643  INFO 4616 --- [scheduling-1] c.e.S.Thread.MakingTaskThreads           : [1/10] Active: 1, Task: 1
2023-05-09 09:58:25.644  INFO 4616 --- [pool-6-thread-2] c.e.SimpleProject.Thread.workThread      : Thread pool-6-thread-2
2023-05-09 09:58:25.748  INFO 4616 --- [scheduling-1] c.e.S.Thread.MakingTaskThreads           : [2/10] Active: 0, Task: 2
2023-05-09 09:58:25.749  INFO 4616 --- [pool-6-thread-5] c.e.SimpleProject.Thread.workThread      : Thread pool-6-thread-5
2023-05-09 09:58:25.853  INFO 4616 --- [scheduling-1] c.e.S.Thread.MakingTaskThreads           : [3/10] Active: 0, Task: 3
2023-05-09 09:58:30.860  INFO 4616 --- [pool-7-thread-1] c.e.SimpleProject.Thread.workThread      : Thread pool-7-thread-1
2023-05-09 09:58:30.964  INFO 4616 --- [scheduling-1] c.e.S.Thread.MakingTaskThreads           : [1/10] Active: 1, Task: 1
2023-05-09 09:58:30.965  INFO 4616 --- [pool-7-thread-2] c.e.SimpleProject.Thread.workThread      : Thread pool-7-thread-2
2023-05-09 09:58:31.067  INFO 4616 --- [scheduling-1] c.e.S.Thread.MakingTaskThreads           : [2/10] Active: 0, Task: 2
2023-05-09 09:58:31.068  INFO 4616 --- [pool-7-thread-5] c.e.SimpleProject.Thread.workThread      : Thread pool-7-thread-5
2023-05-09 09:58:31.171  INFO 4616 --- [scheduling-1] c.e.S.Thread.MakingTaskThreads           : [3/10] Active: 0, Task: 3
2023-05-09 09:58:36.182  INFO 4616 --- [pool-8-thread-1] c.e.SimpleProject.Thread.workThread      : Thread pool-8-thread-1
2023-05-09 09:58:36.283  INFO 4616 --- [scheduling-1] c.e.S.Thread.MakingTaskThreads           : [1/10] Active: 1, Task: 1
2023-05-09 09:58:36.284  INFO 4616 --- [pool-8-thread-2] c.e.SimpleProject.Thread.workThread      : Thread pool-8-thread-2
2023-05-09 09:58:36.388  INFO 4616 --- [scheduling-1] c.e.S.Thread.MakingTaskThreads           : [2/10] Active: 0, Task: 2
2023-05-09 09:58:36.388  INFO 4616 --- [pool-8-thread-5] c.e.SimpleProject.Thread.workThread      : Thread pool-8-thread-5
2023-05-09 09:58:36.489  INFO 4616 --- [scheduling-1] c.e.S.Thread.MakingTaskThreads           : [3/10] Active: 0, Task: 3
2023-05-09 09:58:41.500  INFO 4616 --- [pool-9-thread-1] c.e.SimpleProject.Thread.workThread      : Thread pool-9-thread-1
2023-05-09 09:58:41.603  INFO 4616 --- [scheduling-1] c.e.S.Thread.MakingTaskThreads           : [1/10] Active: 0, Task: 1
2023-05-09 09:58:41.604  INFO 4616 --- [pool-9-thread-3] c.e.SimpleProject.Thread.workThread      : Thread pool-9-thread-3
2023-05-09 09:58:41.706  INFO 4616 --- [scheduling-1] c.e.S.Thread.MakingTaskThreads           : [2/10] Active: 0, Task: 2
2023-05-09 09:58:41.708  INFO 4616 --- [pool-9-thread-5] c.e.SimpleProject.Thread.workThread      : Thread pool-9-thread-5
2023-05-09 09:58:41.812  INFO 4616 --- [scheduling-1] c.e.S.Thread.MakingTaskThreads           : [3/10] Active: 0, Task: 3
2023-05-09 09:58:46.822  INFO 4616 --- [pool-10-thread-1] c.e.SimpleProject.Thread.workThread      : Thread pool-10-thread-1
2023-05-09 09:58:46.922  INFO 4616 --- [scheduling-1] c.e.S.Thread.MakingTaskThreads           : [1/10] Active: 1, Task: 1
2023-05-09 09:58:46.924  INFO 4616 --- [pool-10-thread-2] c.e.SimpleProject.Thread.workThread      : Thread pool-10-thread-2
2023-05-09 09:58:47.024  INFO 4616 --- [scheduling-1] c.e.S.Thread.MakingTaskThreads           : [2/10] Active: 1, Task: 2
2023-05-09 09:58:47.029  INFO 4616 --- [pool-10-thread-4] c.e.SimpleProject.Thread.workThread      : Thread pool-10-thread-4
2023-05-09 09:58:47.129  INFO 4616 --- [scheduling-1] c.e.S.Thread.MakingTaskThreads           : [3/10] Active: 0, Task: 3
2023-05-09 09:58:52.138  INFO 4616 --- [pool-11-thread-1] c.e.SimpleProject.Thread.workThread      : Thread pool-11-thread-1
2023-05-09 09:58:52.243  INFO 4616 --- [scheduling-1] c.e.S.Thread.MakingTaskThreads           : [1/10] Active: 1, Task: 1
2023-05-09 09:58:52.244  INFO 4616 --- [pool-11-thread-2] c.e.SimpleProject.Thread.workThread      : Thread pool-11-thread-2
2023-05-09 09:58:52.344  INFO 4616 --- [scheduling-1] c.e.S.Thread.MakingTaskThreads           : [2/10] Active: 0, Task: 2
2023-05-09 09:58:52.345  INFO 4616 --- [pool-11-thread-5] c.e.SimpleProject.Thread.workThread      : Thread pool-11-thread-5
2023-05-09 09:58:52.446  INFO 4616 --- [scheduling-1] c.e.S.Thread.MakingTaskThreads           : [3/10] Active: 0, Task: 3
2023-05-09 09:58:57.456  INFO 4616 --- [pool-12-thread-1] c.e.SimpleProject.Thread.workThread      : Thread pool-12-thread-1
2023-05-09 09:58:57.556  INFO 4616 --- [scheduling-1] c.e.S.Thread.MakingTaskThreads           : [1/10] Active: 1, Task: 1
2023-05-09 09:58:57.557  INFO 4616 --- [pool-12-thread-2] c.e.SimpleProject.Thread.workThread      : Thread pool-12-thread-2
2023-05-09 09:58:57.659  INFO 4616 --- [scheduling-1] c.e.S.Thread.MakingTaskThreads           : [2/10] Active: 1, Task: 2
2023-05-09 09:58:57.660  INFO 4616 --- [pool-12-thread-4] c.e.SimpleProject.Thread.workThread      : Thread pool-12-thread-4
2023-05-09 09:58:57.761  INFO 4616 --- [scheduling-1] c.e.S.Thread.MakingTaskThreads           : [3/10] Active: 0, Task: 3
2023-05-09 09:59:02.772  INFO 4616 --- [pool-13-thread-1] c.e.SimpleProject.Thread.workThread      : Thread pool-13-thread-1
2023-05-09 09:59:02.872  INFO 4616 --- [scheduling-1] c.e.S.Thread.MakingTaskThreads           : [1/10] Active: 1, Task: 1
2023-05-09 09:59:02.874  INFO 4616 --- [pool-13-thread-2] c.e.SimpleProject.Thread.workThread      : Thread pool-13-thread-2
2023-05-09 09:59:02.975  INFO 4616 --- [scheduling-1] c.e.S.Thread.MakingTaskThreads           : [2/10] Active: 0, Task: 2
2023-05-09 09:59:02.976  INFO 4616 --- [pool-13-thread-5] c.e.SimpleProject.Thread.workThread      : Thread pool-13-thread-5
2023-05-09 09:59:03.078  INFO 4616 --- [scheduling-1] c.e.S.Thread.MakingTaskThreads           : [3/10] Active: 0, Task: 3
2023-05-09 09:59:08.086  INFO 4616 --- [pool-14-thread-1] c.e.SimpleProject.Thread.workThread      : Thread pool-14-thread-1
2023-05-09 09:59:08.188  INFO 4616 --- [scheduling-1] c.e.S.Thread.MakingTaskThreads           : [1/10] Active: 1, Task: 1
2023-05-09 09:59:08.189  INFO 4616 --- [pool-14-thread-2] c.e.SimpleProject.Thread.workThread      : Thread pool-14-thread-2
2023-05-09 09:59:08.294  INFO 4616 --- [scheduling-1] c.e.S.Thread.MakingTaskThreads           : [2/10] Active: 0, Task: 2
2023-05-09 09:59:08.295  INFO 4616 --- [pool-14-thread-5] c.e.SimpleProject.Thread.workThread      : Thread pool-14-thread-5
2023-05-09 09:59:08.396  INFO 4616 --- [scheduling-1] c.e.S.Thread.MakingTaskThreads           : [3/10] Active: 0, Task: 3
2023-05-09 09:59:08.752  INFO 4616 --- [SpringApplicationShutdownHook] j.LocalContainerEntityManagerFactoryBean : Closing JPA EntityManagerFactory for persistence unit 'default'
2023-05-09 09:59:08.755  INFO 4616 --- [SpringApplicationShutdownHook] com.zaxxer.hikari.HikariDataSource       : HikariPool-1 - Shutdown initiated...
2023-05-09 09:59:08.760  INFO 4616 --- [SpringApplicationShutdownHook] com.zaxxer.hikari.HikariDataSource       : HikariPool-1 - Shutdown completed.
2023-05-09 09:59:19.756  INFO 4635 --- [main] c.e.S.SimpleProjectApplication           : Starting SimpleProjectApplication using Java 1.8.0_362 on Anhs-MacBook-Pro.local with PID 4635 (/Users/apple/Downloads/Tranning_Vega/Project/SimpleProject/target/classes started by apple in /Users/apple/Downloads/Tranning_Vega/Project/SimpleProject)
2023-05-09 09:59:19.759  INFO 4635 --- [main] c.e.S.SimpleProjectApplication           : No active profile set, falling back to 1 default profile: "default"
2023-05-09 09:59:20.466  INFO 4635 --- [main] .s.d.r.c.RepositoryConfigurationDelegate : Bootstrapping Spring Data JPA repositories in DEFAULT mode.
2023-05-09 09:59:20.533  INFO 4635 --- [main] .s.d.r.c.RepositoryConfigurationDelegate : Finished Spring Data repository scanning in 61 ms. Found 6 JPA repository interfaces.
2023-05-09 09:59:20.930  INFO 4635 --- [main] o.s.b.w.embedded.tomcat.TomcatWebServer  : Tomcat initialized with port(s): 8080 (http)
2023-05-09 09:59:20.936  INFO 4635 --- [main] o.apache.catalina.core.StandardService   : Starting service [Tomcat]
2023-05-09 09:59:20.936  INFO 4635 --- [main] org.apache.catalina.core.StandardEngine  : Starting Servlet engine: [Apache Tomcat/9.0.73]
2023-05-09 09:59:21.003  INFO 4635 --- [main] o.a.c.c.C.[Tomcat].[localhost].[/]       : Initializing Spring embedded WebApplicationContext
2023-05-09 09:59:21.003  INFO 4635 --- [main] w.s.c.ServletWebServerApplicationContext : Root WebApplicationContext: initialization completed in 1188 ms
2023-05-09 09:59:21.145  INFO 4635 --- [main] o.hibernate.jpa.internal.util.LogHelper  : HHH000204: Processing PersistenceUnitInfo [name: default]
2023-05-09 09:59:21.173  INFO 4635 --- [main] org.hibernate.Version                    : HHH000412: Hibernate ORM core version 5.6.15.Final
2023-05-09 09:59:21.269  INFO 4635 --- [main] o.hibernate.annotations.common.Version   : HCANN000001: Hibernate Commons Annotations {5.1.2.Final}
2023-05-09 09:59:21.408  INFO 4635 --- [main] com.zaxxer.hikari.HikariDataSource       : HikariPool-1 - Starting...
2023-05-09 09:59:21.410  WARN 4635 --- [main] com.zaxxer.hikari.util.DriverDataSource  : Registered driver with driverClassName=com.mysql.jdbc.Driver was not found, trying direct instantiation.
2023-05-09 09:59:21.636  INFO 4635 --- [main] com.zaxxer.hikari.HikariDataSource       : HikariPool-1 - Start completed.
2023-05-09 09:59:21.648  INFO 4635 --- [main] org.hibernate.dialect.Dialect            : HHH000400: Using dialect: org.hibernate.dialect.MySQL8Dialect
2023-05-09 09:59:22.172  INFO 4635 --- [main] o.h.e.t.j.p.i.JtaPlatformInitiator       : HHH000490: Using JtaPlatform implementation: [org.hibernate.engine.transaction.jta.platform.internal.NoJtaPlatform]
2023-05-09 09:59:22.179  INFO 4635 --- [main] j.LocalContainerEntityManagerFactoryBean : Initialized JPA EntityManagerFactory for persistence unit 'default'
2023-05-09 09:59:22.711  WARN 4635 --- [main] JpaBaseConfiguration$JpaWebConfiguration : spring.jpa.open-in-view is enabled by default. Therefore, database queries may be performed during view rendering. Explicitly configure spring.jpa.open-in-view to disable this warning
2023-05-09 09:59:22.998  INFO 4635 --- [main] o.s.s.web.DefaultSecurityFilterChain     : Will secure any request with [org.springframework.security.web.session.DisableEncodeUrlFilter@7ffcb232, org.springframework.security.web.context.request.async.WebAsyncManagerIntegrationFilter@7f53fc38, org.springframework.security.web.context.SecurityContextPersistenceFilter@5f6e2ad9, org.springframework.security.web.header.HeaderWriterFilter@75452aea, org.springframework.web.filter.CorsFilter@5feb82b3, org.springframework.security.web.authentication.logout.LogoutFilter@534762ed, com.example.SimpleProject.Filters.JWTAuthenticationFilter@2d38db6f, org.springframework.security.web.savedrequest.RequestCacheAwareFilter@1cc9bd9b, org.springframework.security.web.servletapi.SecurityContextHolderAwareRequestFilter@42211e04, org.springframework.security.web.authentication.AnonymousAuthenticationFilter@37cf91d8, org.springframework.security.web.session.SessionManagementFilter@58b8f9e3, org.springframework.security.web.access.ExceptionTranslationFilter@283baa39, org.springframework.security.web.access.intercept.FilterSecurityInterceptor@173b1af1]
2023-05-09 09:59:23.363  INFO 4635 --- [main] o.s.b.w.embedded.tomcat.TomcatWebServer  : Tomcat started on port(s): 8080 (http) with context path ''
2023-05-09 09:59:23.372  INFO 4635 --- [main] c.e.S.SimpleProjectApplication           : Started SimpleProjectApplication in 4.105 seconds (JVM running for 4.916)
2023-05-09 09:59:23.436  INFO 4635 --- [pool-2-thread-1] c.e.SimpleProject.Thread.workThread      : Thread pool-2-thread-1
2023-05-09 09:59:23.538  INFO 4635 --- [scheduling-1] c.e.S.Thread.MakingTaskThreads           : [1/10] Active: 1, Task: 1
2023-05-09 09:59:23.539  INFO 4635 --- [pool-2-thread-2] c.e.SimpleProject.Thread.workThread      : Thread pool-2-thread-2
2023-05-09 09:59:23.643  INFO 4635 --- [scheduling-1] c.e.S.Thread.MakingTaskThreads           : [2/10] Active: 2, Task: 2
2023-05-09 09:59:23.645  INFO 4635 --- [pool-2-thread-3] c.e.SimpleProject.Thread.workThread      : Thread pool-2-thread-3
2023-05-09 09:59:23.750  INFO 4635 --- [scheduling-1] c.e.S.Thread.MakingTaskThreads           : [3/10] Active: 3, Task: 3
2023-05-09 09:59:24.524  INFO 4635 --- [pool-2-thread-3] c.e.SimpleProject.Thread.workThread      : Send SMS to (875) 792-3007 successfully
2023-05-09 09:59:26.464  INFO 4635 --- [pool-2-thread-1] c.e.SimpleProject.Thread.workThread      : Send SMS to (678) 365-2705 successfully
2023-05-09 09:59:26.487  INFO 4635 --- [pool-2-thread-2] c.e.SimpleProject.Thread.workThread      : Send SMS to (748) 990-2322 successfully
2023-05-09 09:59:36.454  INFO 4635 --- [SpringApplicationShutdownHook] j.LocalContainerEntityManagerFactoryBean : Closing JPA EntityManagerFactory for persistence unit 'default'
2023-05-09 09:59:36.459  INFO 4635 --- [SpringApplicationShutdownHook] com.zaxxer.hikari.HikariDataSource       : HikariPool-1 - Shutdown initiated...
2023-05-09 09:59:36.465  INFO 4635 --- [SpringApplicationShutdownHook] com.zaxxer.hikari.HikariDataSource       : HikariPool-1 - Shutdown completed.
2023-05-09 09:59:40.062  INFO 4642 --- [main] c.e.S.SimpleProjectApplication           : Starting SimpleProjectApplication using Java 1.8.0_362 on Anhs-MacBook-Pro.local with PID 4642 (/Users/apple/Downloads/Tranning_Vega/Project/SimpleProject/target/classes started by apple in /Users/apple/Downloads/Tranning_Vega/Project/SimpleProject)
2023-05-09 09:59:40.065  INFO 4642 --- [main] c.e.S.SimpleProjectApplication           : No active profile set, falling back to 1 default profile: "default"
2023-05-09 09:59:40.837  INFO 4642 --- [main] .s.d.r.c.RepositoryConfigurationDelegate : Bootstrapping Spring Data JPA repositories in DEFAULT mode.
2023-05-09 09:59:40.903  INFO 4642 --- [main] .s.d.r.c.RepositoryConfigurationDelegate : Finished Spring Data repository scanning in 60 ms. Found 6 JPA repository interfaces.
2023-05-09 09:59:41.387  INFO 4642 --- [main] o.s.b.w.embedded.tomcat.TomcatWebServer  : Tomcat initialized with port(s): 8080 (http)
2023-05-09 09:59:41.395  INFO 4642 --- [main] o.apache.catalina.core.StandardService   : Starting service [Tomcat]
2023-05-09 09:59:41.395  INFO 4642 --- [main] org.apache.catalina.core.StandardEngine  : Starting Servlet engine: [Apache Tomcat/9.0.73]
2023-05-09 09:59:41.474  INFO 4642 --- [main] o.a.c.c.C.[Tomcat].[localhost].[/]       : Initializing Spring embedded WebApplicationContext
2023-05-09 09:59:41.474  INFO 4642 --- [main] w.s.c.ServletWebServerApplicationContext : Root WebApplicationContext: initialization completed in 1326 ms
2023-05-09 09:59:41.643  INFO 4642 --- [main] o.hibernate.jpa.internal.util.LogHelper  : HHH000204: Processing PersistenceUnitInfo [name: default]
2023-05-09 09:59:41.677  INFO 4642 --- [main] org.hibernate.Version                    : HHH000412: Hibernate ORM core version 5.6.15.Final
2023-05-09 09:59:41.763  INFO 4642 --- [main] o.hibernate.annotations.common.Version   : HCANN000001: Hibernate Commons Annotations {5.1.2.Final}
2023-05-09 09:59:41.907  INFO 4642 --- [main] com.zaxxer.hikari.HikariDataSource       : HikariPool-1 - Starting...
2023-05-09 09:59:41.908  WARN 4642 --- [main] com.zaxxer.hikari.util.DriverDataSource  : Registered driver with driverClassName=com.mysql.jdbc.Driver was not found, trying direct instantiation.
2023-05-09 09:59:42.135  INFO 4642 --- [main] com.zaxxer.hikari.HikariDataSource       : HikariPool-1 - Start completed.
2023-05-09 09:59:42.151  INFO 4642 --- [main] org.hibernate.dialect.Dialect            : HHH000400: Using dialect: org.hibernate.dialect.MySQL8Dialect
2023-05-09 09:59:42.686  INFO 4642 --- [main] o.h.e.t.j.p.i.JtaPlatformInitiator       : HHH000490: Using JtaPlatform implementation: [org.hibernate.engine.transaction.jta.platform.internal.NoJtaPlatform]
2023-05-09 09:59:42.693  INFO 4642 --- [main] j.LocalContainerEntityManagerFactoryBean : Initialized JPA EntityManagerFactory for persistence unit 'default'
2023-05-09 09:59:43.224  WARN 4642 --- [main] JpaBaseConfiguration$JpaWebConfiguration : spring.jpa.open-in-view is enabled by default. Therefore, database queries may be performed during view rendering. Explicitly configure spring.jpa.open-in-view to disable this warning
2023-05-09 09:59:43.536  INFO 4642 --- [main] o.s.s.web.DefaultSecurityFilterChain     : Will secure any request with [org.springframework.security.web.session.DisableEncodeUrlFilter@3568ea59, org.springframework.security.web.context.request.async.WebAsyncManagerIntegrationFilter@9f2376f, org.springframework.security.web.context.SecurityContextPersistenceFilter@55071497, org.springframework.security.web.header.HeaderWriterFilter@283baa39, org.springframework.web.filter.CorsFilter@173b1af1, org.springframework.security.web.authentication.logout.LogoutFilter@7d12429, com.example.SimpleProject.Filters.JWTAuthenticationFilter@4a520f05, org.springframework.security.web.savedrequest.RequestCacheAwareFilter@58b8f9e3, org.springframework.security.web.servletapi.SecurityContextHolderAwareRequestFilter@1d1cfe4, org.springframework.security.web.authentication.AnonymousAuthenticationFilter@389a1e34, org.springframework.security.web.session.SessionManagementFilter@7a3643e3, org.springframework.security.web.access.ExceptionTranslationFilter@6afeaf2d, org.springframework.security.web.access.intercept.FilterSecurityInterceptor@315cf170]
2023-05-09 09:59:43.904  INFO 4642 --- [main] o.s.b.w.embedded.tomcat.TomcatWebServer  : Tomcat started on port(s): 8080 (http) with context path ''
2023-05-09 09:59:43.915  INFO 4642 --- [main] c.e.S.SimpleProjectApplication           : Started SimpleProjectApplication in 4.353 seconds (JVM running for 5.078)
2023-05-09 10:00:29.299  INFO 4642 --- [pool-2-thread-1] c.e.SimpleProject.Thread.workThread      : Thread pool-2-thread-1
2023-05-09 10:00:29.401  INFO 4642 --- [scheduling-1] c.e.S.Thread.MakingTaskThreads           : [1/10] Active: 1, Task: 1
2023-05-09 10:00:29.402  INFO 4642 --- [pool-2-thread-2] c.e.SimpleProject.Thread.workThread      : Thread pool-2-thread-2
2023-05-09 10:00:29.502  INFO 4642 --- [scheduling-1] c.e.S.Thread.MakingTaskThreads           : [2/10] Active: 2, Task: 2
2023-05-09 10:00:29.504  INFO 4642 --- [pool-2-thread-3] c.e.SimpleProject.Thread.workThread      : Thread pool-2-thread-3
2023-05-09 10:00:29.606  INFO 4642 --- [scheduling-1] c.e.S.Thread.MakingTaskThreads           : [3/10] Active: 3, Task: 3
2023-05-09 10:00:29.607  INFO 4642 --- [pool-2-thread-4] c.e.SimpleProject.Thread.workThread      : Thread pool-2-thread-4
2023-05-09 10:00:29.710  INFO 4642 --- [scheduling-1] c.e.S.Thread.MakingTaskThreads           : [4/10] Active: 4, Task: 4
2023-05-09 10:00:29.711  INFO 4642 --- [pool-2-thread-5] c.e.SimpleProject.Thread.workThread      : Thread pool-2-thread-5
2023-05-09 10:00:29.794  INFO 4642 --- [pool-2-thread-2] c.e.SimpleProject.Thread.workThread      : Send SMS to (536) 612-3039 successfully
2023-05-09 10:00:29.814  INFO 4642 --- [scheduling-1] c.e.S.Thread.MakingTaskThreads           : [5/10] Active: 4, Task: 5
2023-05-09 10:00:29.814  INFO 4642 --- [pool-2-thread-6] c.e.SimpleProject.Thread.workThread      : Thread pool-2-thread-6
2023-05-09 10:00:29.917  INFO 4642 --- [scheduling-1] c.e.S.Thread.MakingTaskThreads           : [6/10] Active: 5, Task: 6
2023-05-09 10:00:32.411  INFO 4642 --- [pool-2-thread-1] c.e.SimpleProject.Thread.workThread      : Send SMS to (523) 948-5500 successfully
2023-05-09 10:00:32.899  INFO 4642 --- [pool-2-thread-5] c.e.SimpleProject.Thread.workThread      : Send SMS to (817) 285-4491 successfully
2023-05-09 10:00:32.903  INFO 4642 --- [pool-2-thread-6] c.e.SimpleProject.Thread.workThread      : Send SMS to (804) 676-6228 successfully
2023-05-09 10:00:32.905  INFO 4642 --- [pool-2-thread-3] c.e.SimpleProject.Thread.workThread      : Send SMS to (635) 328-5325 successfully
2023-05-09 10:00:32.915  INFO 4642 --- [pool-2-thread-4] c.e.SimpleProject.Thread.workThread      : Send SMS to (481) 259-1782 successfully
2023-05-09 10:00:55.351  INFO 4642 --- [SpringApplicationShutdownHook] j.LocalContainerEntityManagerFactoryBean : Closing JPA EntityManagerFactory for persistence unit 'default'
2023-05-09 10:00:55.357  INFO 4642 --- [SpringApplicationShutdownHook] com.zaxxer.hikari.HikariDataSource       : HikariPool-1 - Shutdown initiated...
2023-05-09 10:00:55.370  INFO 4642 --- [SpringApplicationShutdownHook] com.zaxxer.hikari.HikariDataSource       : HikariPool-1 - Shutdown completed.
2023-05-09 10:01:06.517  INFO 4662 --- [main] c.e.S.SimpleProjectApplication           : Starting SimpleProjectApplication using Java 1.8.0_362 on Anhs-MacBook-Pro.local with PID 4662 (/Users/apple/Downloads/Tranning_Vega/Project/SimpleProject/target/classes started by apple in /Users/apple/Downloads/Tranning_Vega/Project/SimpleProject)
2023-05-09 10:01:06.521  INFO 4662 --- [main] c.e.S.SimpleProjectApplication           : No active profile set, falling back to 1 default profile: "default"
2023-05-09 10:01:07.232  INFO 4662 --- [main] .s.d.r.c.RepositoryConfigurationDelegate : Bootstrapping Spring Data JPA repositories in DEFAULT mode.
2023-05-09 10:01:07.297  INFO 4662 --- [main] .s.d.r.c.RepositoryConfigurationDelegate : Finished Spring Data repository scanning in 56 ms. Found 6 JPA repository interfaces.
2023-05-09 10:01:07.768  INFO 4662 --- [main] o.s.b.w.embedded.tomcat.TomcatWebServer  : Tomcat initialized with port(s): 8080 (http)
2023-05-09 10:01:07.774  INFO 4662 --- [main] o.apache.catalina.core.StandardService   : Starting service [Tomcat]
2023-05-09 10:01:07.774  INFO 4662 --- [main] org.apache.catalina.core.StandardEngine  : Starting Servlet engine: [Apache Tomcat/9.0.73]
2023-05-09 10:01:07.859  INFO 4662 --- [main] o.a.c.c.C.[Tomcat].[localhost].[/]       : Initializing Spring embedded WebApplicationContext
2023-05-09 10:01:07.859  INFO 4662 --- [main] w.s.c.ServletWebServerApplicationContext : Root WebApplicationContext: initialization completed in 1266 ms
2023-05-09 10:01:08.023  INFO 4662 --- [main] o.hibernate.jpa.internal.util.LogHelper  : HHH000204: Processing PersistenceUnitInfo [name: default]
2023-05-09 10:01:08.056  INFO 4662 --- [main] org.hibernate.Version                    : HHH000412: Hibernate ORM core version 5.6.15.Final
2023-05-09 10:01:08.157  INFO 4662 --- [main] o.hibernate.annotations.common.Version   : HCANN000001: Hibernate Commons Annotations {5.1.2.Final}
2023-05-09 10:01:08.316  INFO 4662 --- [main] com.zaxxer.hikari.HikariDataSource       : HikariPool-1 - Starting...
2023-05-09 10:01:08.318  WARN 4662 --- [main] com.zaxxer.hikari.util.DriverDataSource  : Registered driver with driverClassName=com.mysql.jdbc.Driver was not found, trying direct instantiation.
2023-05-09 10:01:08.556  INFO 4662 --- [main] com.zaxxer.hikari.HikariDataSource       : HikariPool-1 - Start completed.
2023-05-09 10:01:08.569  INFO 4662 --- [main] org.hibernate.dialect.Dialect            : HHH000400: Using dialect: org.hibernate.dialect.MySQL8Dialect
2023-05-09 10:01:09.131  INFO 4662 --- [main] o.h.e.t.j.p.i.JtaPlatformInitiator       : HHH000490: Using JtaPlatform implementation: [org.hibernate.engine.transaction.jta.platform.internal.NoJtaPlatform]
2023-05-09 10:01:09.138  INFO 4662 --- [main] j.LocalContainerEntityManagerFactoryBean : Initialized JPA EntityManagerFactory for persistence unit 'default'
2023-05-09 10:01:09.656  WARN 4662 --- [main] JpaBaseConfiguration$JpaWebConfiguration : spring.jpa.open-in-view is enabled by default. Therefore, database queries may be performed during view rendering. Explicitly configure spring.jpa.open-in-view to disable this warning
2023-05-09 10:01:09.971  INFO 4662 --- [main] o.s.s.web.DefaultSecurityFilterChain     : Will secure any request with [org.springframework.security.web.session.DisableEncodeUrlFilter@3b9c9b8b, org.springframework.security.web.context.request.async.WebAsyncManagerIntegrationFilter@7769d9b6, org.springframework.security.web.context.SecurityContextPersistenceFilter@365bfc5f, org.springframework.security.web.header.HeaderWriterFilter@13c90c06, org.springframework.web.filter.CorsFilter@248d3a, org.springframework.security.web.authentication.logout.LogoutFilter@42211e04, com.example.SimpleProject.Filters.JWTAuthenticationFilter@3c71cf3e, org.springframework.security.web.savedrequest.RequestCacheAwareFilter@37a3ec27, org.springframework.security.web.servletapi.SecurityContextHolderAwareRequestFilter@6c24f61d, org.springframework.security.web.authentication.AnonymousAuthenticationFilter@636e4bf8, org.springframework.security.web.session.SessionManagementFilter@ac4e690, org.springframework.security.web.access.ExceptionTranslationFilter@2f07930a, org.springframework.security.web.access.intercept.FilterSecurityInterceptor@7aa3857b]
2023-05-09 10:01:10.336  INFO 4662 --- [main] o.s.b.w.embedded.tomcat.TomcatWebServer  : Tomcat started on port(s): 8080 (http) with context path ''
2023-05-09 10:01:10.345  INFO 4662 --- [main] c.e.S.SimpleProjectApplication           : Started SimpleProjectApplication in 4.391 seconds (JVM running for 5.296)
2023-05-09 10:01:50.528  INFO 4662 --- [pool-2-thread-1] c.e.SimpleProject.Thread.workThread      : Thread pool-2-thread-1
2023-05-09 10:01:50.633  INFO 4662 --- [scheduling-1] c.e.S.Thread.MakingTaskThreads           : [1/10] Active: 1, Task: 1
2023-05-09 10:01:50.634  INFO 4662 --- [pool-2-thread-2] c.e.SimpleProject.Thread.workThread      : Thread pool-2-thread-2
2023-05-09 10:01:50.734  INFO 4662 --- [scheduling-1] c.e.S.Thread.MakingTaskThreads           : [2/10] Active: 2, Task: 2
2023-05-09 10:01:55.744  INFO 4662 --- [pool-3-thread-1] c.e.SimpleProject.Thread.workThread      : Thread pool-3-thread-1
2023-05-09 10:01:55.849  INFO 4662 --- [scheduling-1] c.e.S.Thread.MakingTaskThreads           : [1/10] Active: 0, Task: 1
2023-05-09 10:01:55.851  INFO 4662 --- [pool-3-thread-3] c.e.SimpleProject.Thread.workThread      : Thread pool-3-thread-3
2023-05-09 10:01:55.952  INFO 4662 --- [scheduling-1] c.e.S.Thread.MakingTaskThreads           : [2/10] Active: 0, Task: 2
2023-05-09 10:02:00.474  INFO 4662 --- [SpringApplicationShutdownHook] j.LocalContainerEntityManagerFactoryBean : Closing JPA EntityManagerFactory for persistence unit 'default'
2023-05-09 10:02:00.478  INFO 4662 --- [SpringApplicationShutdownHook] com.zaxxer.hikari.HikariDataSource       : HikariPool-1 - Shutdown initiated...
2023-05-09 10:02:00.485  INFO 4662 --- [SpringApplicationShutdownHook] com.zaxxer.hikari.HikariDataSource       : HikariPool-1 - Shutdown completed.
2023-05-09 10:02:22.440  INFO 4676 --- [main] c.e.S.SimpleProjectApplication           : Starting SimpleProjectApplication using Java 1.8.0_362 on Anhs-MacBook-Pro.local with PID 4676 (/Users/apple/Downloads/Tranning_Vega/Project/SimpleProject/target/classes started by apple in /Users/apple/Downloads/Tranning_Vega/Project/SimpleProject)
2023-05-09 10:02:22.444  INFO 4676 --- [main] c.e.S.SimpleProjectApplication           : No active profile set, falling back to 1 default profile: "default"
2023-05-09 10:02:23.150  INFO 4676 --- [main] .s.d.r.c.RepositoryConfigurationDelegate : Bootstrapping Spring Data JPA repositories in DEFAULT mode.
2023-05-09 10:02:23.211  INFO 4676 --- [main] .s.d.r.c.RepositoryConfigurationDelegate : Finished Spring Data repository scanning in 53 ms. Found 6 JPA repository interfaces.
2023-05-09 10:02:24.110  INFO 4676 --- [main] o.s.b.w.embedded.tomcat.TomcatWebServer  : Tomcat initialized with port(s): 8080 (http)
2023-05-09 10:02:24.116  INFO 4676 --- [main] o.apache.catalina.core.StandardService   : Starting service [Tomcat]
2023-05-09 10:02:24.117  INFO 4676 --- [main] org.apache.catalina.core.StandardEngine  : Starting Servlet engine: [Apache Tomcat/9.0.73]
2023-05-09 10:02:24.244  INFO 4676 --- [main] o.a.c.c.C.[Tomcat].[localhost].[/]       : Initializing Spring embedded WebApplicationContext
2023-05-09 10:02:24.244  INFO 4676 --- [main] w.s.c.ServletWebServerApplicationContext : Root WebApplicationContext: initialization completed in 1746 ms
2023-05-09 10:02:24.436  INFO 4676 --- [main] o.hibernate.jpa.internal.util.LogHelper  : HHH000204: Processing PersistenceUnitInfo [name: default]
2023-05-09 10:02:24.462  INFO 4676 --- [main] org.hibernate.Version                    : HHH000412: Hibernate ORM core version 5.6.15.Final
2023-05-09 10:02:24.572  INFO 4676 --- [main] o.hibernate.annotations.common.Version   : HCANN000001: Hibernate Commons Annotations {5.1.2.Final}
2023-05-09 10:02:24.719  INFO 4676 --- [main] com.zaxxer.hikari.HikariDataSource       : HikariPool-1 - Starting...
2023-05-09 10:02:24.721  WARN 4676 --- [main] com.zaxxer.hikari.util.DriverDataSource  : Registered driver with driverClassName=com.mysql.jdbc.Driver was not found, trying direct instantiation.
2023-05-09 10:02:25.019  INFO 4676 --- [main] com.zaxxer.hikari.HikariDataSource       : HikariPool-1 - Start completed.
2023-05-09 10:02:25.036  INFO 4676 --- [main] org.hibernate.dialect.Dialect            : HHH000400: Using dialect: org.hibernate.dialect.MySQL8Dialect
2023-05-09 10:02:25.641  INFO 4676 --- [main] o.h.e.t.j.p.i.JtaPlatformInitiator       : HHH000490: Using JtaPlatform implementation: [org.hibernate.engine.transaction.jta.platform.internal.NoJtaPlatform]
2023-05-09 10:02:25.650  INFO 4676 --- [main] j.LocalContainerEntityManagerFactoryBean : Initialized JPA EntityManagerFactory for persistence unit 'default'
2023-05-09 10:02:26.269  WARN 4676 --- [main] JpaBaseConfiguration$JpaWebConfiguration : spring.jpa.open-in-view is enabled by default. Therefore, database queries may be performed during view rendering. Explicitly configure spring.jpa.open-in-view to disable this warning
2023-05-09 10:02:26.670  INFO 4676 --- [main] o.s.s.web.DefaultSecurityFilterChain     : Will secure any request with [org.springframework.security.web.session.DisableEncodeUrlFilter@6e794f53, org.springframework.security.web.context.request.async.WebAsyncManagerIntegrationFilter@75f4d8a8, org.springframework.security.web.context.SecurityContextPersistenceFilter@55071497, org.springframework.security.web.header.HeaderWriterFilter@283baa39, org.springframework.web.filter.CorsFilter@69ba72da, org.springframework.security.web.authentication.logout.LogoutFilter@7d12429, com.example.SimpleProject.Filters.JWTAuthenticationFilter@2e1ba142, org.springframework.security.web.savedrequest.RequestCacheAwareFilter@58b8f9e3, org.springframework.security.web.servletapi.SecurityContextHolderAwareRequestFilter@1d1cfe4, org.springframework.security.web.authentication.AnonymousAuthenticationFilter@abc7005, org.springframework.security.web.session.SessionManagementFilter@7a3643e3, org.springframework.security.web.access.ExceptionTranslationFilter@6afeaf2d, org.springframework.security.web.access.intercept.FilterSecurityInterceptor@7e1a9173]
2023-05-09 10:02:27.083  INFO 4676 --- [main] o.s.b.w.embedded.tomcat.TomcatWebServer  : Tomcat started on port(s): 8080 (http) with context path ''
2023-05-09 10:02:27.094  INFO 4676 --- [main] c.e.S.SimpleProjectApplication           : Started SimpleProjectApplication in 5.19 seconds (JVM running for 6.228)
2023-05-09 10:02:27.162  INFO 4676 --- [pool-2-thread-1] c.e.SimpleProject.Thread.workThread      : Thread pool-2-thread-1
2023-05-09 10:02:27.264  INFO 4676 --- [scheduling-1] c.e.S.Thread.MakingTaskThreads           : [1/10] Active: 1, Task: 1
2023-05-09 10:02:27.264  INFO 4676 --- [pool-2-thread-2] c.e.SimpleProject.Thread.workThread      : Thread pool-2-thread-2
2023-05-09 10:02:27.366  INFO 4676 --- [scheduling-1] c.e.S.Thread.MakingTaskThreads           : [2/10] Active: 2, Task: 2
2023-05-09 10:02:27.587  INFO 4676 --- [pool-2-thread-2] c.e.SimpleProject.Thread.workThread      : Send SMS to (635) 328-5325 successfully
2023-05-09 10:02:27.598  INFO 4676 --- [pool-2-thread-1] c.e.SimpleProject.Thread.workThread      : Send SMS to (536) 612-3039 successfully
2023-05-09 10:03:09.039  INFO 4676 --- [SpringApplicationShutdownHook] j.LocalContainerEntityManagerFactoryBean : Closing JPA EntityManagerFactory for persistence unit 'default'
2023-05-09 10:03:09.041  INFO 4676 --- [SpringApplicationShutdownHook] com.zaxxer.hikari.HikariDataSource       : HikariPool-1 - Shutdown initiated...
2023-05-09 10:03:09.047  INFO 4676 --- [SpringApplicationShutdownHook] com.zaxxer.hikari.HikariDataSource       : HikariPool-1 - Shutdown completed.
2023-05-09 10:03:56.942  INFO 4697 --- [main] c.e.S.SimpleProjectApplication           : Starting SimpleProjectApplication using Java 1.8.0_362 on Anhs-MacBook-Pro.local with PID 4697 (/Users/apple/Downloads/Tranning_Vega/Project/SimpleProject/target/classes started by apple in /Users/apple/Downloads/Tranning_Vega/Project/SimpleProject)
2023-05-09 10:03:56.950  INFO 4697 --- [main] c.e.S.SimpleProjectApplication           : No active profile set, falling back to 1 default profile: "default"
2023-05-09 10:03:57.874  INFO 4697 --- [main] .s.d.r.c.RepositoryConfigurationDelegate : Bootstrapping Spring Data JPA repositories in DEFAULT mode.
2023-05-09 10:03:57.943  INFO 4697 --- [main] .s.d.r.c.RepositoryConfigurationDelegate : Finished Spring Data repository scanning in 60 ms. Found 6 JPA repository interfaces.
2023-05-09 10:03:58.422  INFO 4697 --- [main] o.s.b.w.embedded.tomcat.TomcatWebServer  : Tomcat initialized with port(s): 8080 (http)
2023-05-09 10:03:58.431  INFO 4697 --- [main] o.apache.catalina.core.StandardService   : Starting service [Tomcat]
2023-05-09 10:03:58.431  INFO 4697 --- [main] org.apache.catalina.core.StandardEngine  : Starting Servlet engine: [Apache Tomcat/9.0.73]
2023-05-09 10:03:58.511  INFO 4697 --- [main] o.a.c.c.C.[Tomcat].[localhost].[/]       : Initializing Spring embedded WebApplicationContext
2023-05-09 10:03:58.511  INFO 4697 --- [main] w.s.c.ServletWebServerApplicationContext : Root WebApplicationContext: initialization completed in 1496 ms
2023-05-09 10:03:58.732  INFO 4697 --- [main] o.hibernate.jpa.internal.util.LogHelper  : HHH000204: Processing PersistenceUnitInfo [name: default]
2023-05-09 10:03:58.770  INFO 4697 --- [main] org.hibernate.Version                    : HHH000412: Hibernate ORM core version 5.6.15.Final
2023-05-09 10:03:58.898  INFO 4697 --- [main] o.hibernate.annotations.common.Version   : HCANN000001: Hibernate Commons Annotations {5.1.2.Final}
2023-05-09 10:03:59.072  INFO 4697 --- [main] com.zaxxer.hikari.HikariDataSource       : HikariPool-1 - Starting...
2023-05-09 10:03:59.073  WARN 4697 --- [main] com.zaxxer.hikari.util.DriverDataSource  : Registered driver with driverClassName=com.mysql.jdbc.Driver was not found, trying direct instantiation.
2023-05-09 10:03:59.378  INFO 4697 --- [main] com.zaxxer.hikari.HikariDataSource       : HikariPool-1 - Start completed.
2023-05-09 10:03:59.395  INFO 4697 --- [main] org.hibernate.dialect.Dialect            : HHH000400: Using dialect: org.hibernate.dialect.MySQL8Dialect
2023-05-09 10:04:00.070  INFO 4697 --- [main] o.h.e.t.j.p.i.JtaPlatformInitiator       : HHH000490: Using JtaPlatform implementation: [org.hibernate.engine.transaction.jta.platform.internal.NoJtaPlatform]
2023-05-09 10:04:00.080  INFO 4697 --- [main] j.LocalContainerEntityManagerFactoryBean : Initialized JPA EntityManagerFactory for persistence unit 'default'
2023-05-09 10:04:00.618  WARN 4697 --- [main] JpaBaseConfiguration$JpaWebConfiguration : spring.jpa.open-in-view is enabled by default. Therefore, database queries may be performed during view rendering. Explicitly configure spring.jpa.open-in-view to disable this warning
2023-05-09 10:04:00.924  INFO 4697 --- [main] o.s.s.web.DefaultSecurityFilterChain     : Will secure any request with [org.springframework.security.web.session.DisableEncodeUrlFilter@500ec769, org.springframework.security.web.context.request.async.WebAsyncManagerIntegrationFilter@37806be6, org.springframework.security.web.context.SecurityContextPersistenceFilter@365bfc5f, org.springframework.security.web.header.HeaderWriterFilter@13c90c06, org.springframework.web.filter.CorsFilter@7bce9ce4, org.springframework.security.web.authentication.logout.LogoutFilter@42211e04, com.example.SimpleProject.Filters.JWTAuthenticationFilter@1d2046bb, org.springframework.security.web.savedrequest.RequestCacheAwareFilter@37a3ec27, org.springframework.security.web.servletapi.SecurityContextHolderAwareRequestFilter@6c24f61d, org.springframework.security.web.authentication.AnonymousAuthenticationFilter@3b33fff9, org.springframework.security.web.session.SessionManagementFilter@ac4e690, org.springframework.security.web.access.ExceptionTranslationFilter@2f07930a, org.springframework.security.web.access.intercept.FilterSecurityInterceptor@59f7c106]
2023-05-09 10:04:01.348  INFO 4697 --- [main] o.s.b.w.embedded.tomcat.TomcatWebServer  : Tomcat started on port(s): 8080 (http) with context path ''
2023-05-09 10:04:01.358  INFO 4697 --- [main] c.e.S.SimpleProjectApplication           : Started SimpleProjectApplication in 5.059 seconds (JVM running for 6.166)
2023-05-09 10:04:11.450  INFO 4697 --- [pool-2-thread-1] c.e.SimpleProject.Thread.workThread      : Thread pool-2-thread-1
2023-05-09 10:04:11.550  INFO 4697 --- [scheduling-1] c.e.S.Thread.MakingTaskThreads           : [1/10] Active: 1, Task: 1
2023-05-09 10:04:11.551  INFO 4697 --- [pool-2-thread-2] c.e.SimpleProject.Thread.workThread      : Thread pool-2-thread-2
2023-05-09 10:04:11.652  INFO 4697 --- [scheduling-1] c.e.S.Thread.MakingTaskThreads           : [2/10] Active: 0, Task: 2
2023-05-09 10:04:11.654  INFO 4697 --- [pool-2-thread-5] c.e.SimpleProject.Thread.workThread      : Thread pool-2-thread-5
2023-05-09 10:04:11.758  INFO 4697 --- [scheduling-1] c.e.S.Thread.MakingTaskThreads           : [3/10] Active: 0, Task: 3
2023-05-09 10:04:16.770  INFO 4697 --- [pool-3-thread-1] c.e.SimpleProject.Thread.workThread      : Thread pool-3-thread-1
2023-05-09 10:04:16.874  INFO 4697 --- [scheduling-1] c.e.S.Thread.MakingTaskThreads           : [1/10] Active: 0, Task: 1
2023-05-09 10:04:16.875  INFO 4697 --- [pool-3-thread-3] c.e.SimpleProject.Thread.workThread      : Thread pool-3-thread-3
2023-05-09 10:04:16.980  INFO 4697 --- [scheduling-1] c.e.S.Thread.MakingTaskThreads           : [2/10] Active: 0, Task: 2
2023-05-09 10:04:16.981  INFO 4697 --- [pool-3-thread-5] c.e.SimpleProject.Thread.workThread      : Thread pool-3-thread-5
2023-05-09 10:04:17.084  INFO 4697 --- [scheduling-1] c.e.S.Thread.MakingTaskThreads           : [3/10] Active: 0, Task: 3
2023-05-09 10:04:19.174  INFO 4697 --- [SpringApplicationShutdownHook] j.LocalContainerEntityManagerFactoryBean : Closing JPA EntityManagerFactory for persistence unit 'default'
2023-05-09 10:04:19.175  INFO 4697 --- [SpringApplicationShutdownHook] com.zaxxer.hikari.HikariDataSource       : HikariPool-1 - Shutdown initiated...
2023-05-09 10:04:19.184  INFO 4697 --- [SpringApplicationShutdownHook] com.zaxxer.hikari.HikariDataSource       : HikariPool-1 - Shutdown completed.
2023-05-09 10:19:45.733  INFO 4865 --- [main] c.e.S.SimpleProjectApplication           : Starting SimpleProjectApplication using Java 1.8.0_362 on Anhs-MacBook-Pro.local with PID 4865 (/Users/apple/Downloads/Tranning_Vega/Project/SimpleProject/target/classes started by apple in /Users/apple/Downloads/Tranning_Vega/Project/SimpleProject)
2023-05-09 10:19:45.737  INFO 4865 --- [main] c.e.S.SimpleProjectApplication           : No active profile set, falling back to 1 default profile: "default"
2023-05-09 10:19:47.177  INFO 4865 --- [main] .s.d.r.c.RepositoryConfigurationDelegate : Bootstrapping Spring Data JPA repositories in DEFAULT mode.
2023-05-09 10:19:47.268  INFO 4865 --- [main] .s.d.r.c.RepositoryConfigurationDelegate : Finished Spring Data repository scanning in 81 ms. Found 6 JPA repository interfaces.
2023-05-09 10:19:47.946  INFO 4865 --- [main] o.s.b.w.embedded.tomcat.TomcatWebServer  : Tomcat initialized with port(s): 8080 (http)
2023-05-09 10:19:47.957  INFO 4865 --- [main] o.apache.catalina.core.StandardService   : Starting service [Tomcat]
2023-05-09 10:19:47.958  INFO 4865 --- [main] org.apache.catalina.core.StandardEngine  : Starting Servlet engine: [Apache Tomcat/9.0.73]
2023-05-09 10:19:48.110  INFO 4865 --- [main] o.a.c.c.C.[Tomcat].[localhost].[/]       : Initializing Spring embedded WebApplicationContext
2023-05-09 10:19:48.110  INFO 4865 --- [main] w.s.c.ServletWebServerApplicationContext : Root WebApplicationContext: initialization completed in 2232 ms
2023-05-09 10:19:48.345  INFO 4865 --- [main] o.hibernate.jpa.internal.util.LogHelper  : HHH000204: Processing PersistenceUnitInfo [name: default]
2023-05-09 10:19:48.385  INFO 4865 --- [main] org.hibernate.Version                    : HHH000412: Hibernate ORM core version 5.6.15.Final
2023-05-09 10:19:48.533  INFO 4865 --- [main] o.hibernate.annotations.common.Version   : HCANN000001: Hibernate Commons Annotations {5.1.2.Final}
2023-05-09 10:19:48.723  INFO 4865 --- [main] com.zaxxer.hikari.HikariDataSource       : HikariPool-1 - Starting...
2023-05-09 10:19:48.725  WARN 4865 --- [main] com.zaxxer.hikari.util.DriverDataSource  : Registered driver with driverClassName=com.mysql.jdbc.Driver was not found, trying direct instantiation.
2023-05-09 10:19:49.085  INFO 4865 --- [main] com.zaxxer.hikari.HikariDataSource       : HikariPool-1 - Start completed.
2023-05-09 10:19:49.111  INFO 4865 --- [main] org.hibernate.dialect.Dialect            : HHH000400: Using dialect: org.hibernate.dialect.MySQL8Dialect
2023-05-09 10:19:49.970  INFO 4865 --- [main] o.h.e.t.j.p.i.JtaPlatformInitiator       : HHH000490: Using JtaPlatform implementation: [org.hibernate.engine.transaction.jta.platform.internal.NoJtaPlatform]
2023-05-09 10:19:49.984  INFO 4865 --- [main] j.LocalContainerEntityManagerFactoryBean : Initialized JPA EntityManagerFactory for persistence unit 'default'
2023-05-09 10:19:50.919  WARN 4865 --- [main] JpaBaseConfiguration$JpaWebConfiguration : spring.jpa.open-in-view is enabled by default. Therefore, database queries may be performed during view rendering. Explicitly configure spring.jpa.open-in-view to disable this warning
2023-05-09 10:19:51.673  INFO 4865 --- [main] o.s.s.web.DefaultSecurityFilterChain     : Will secure any request with [org.springframework.security.web.session.DisableEncodeUrlFilter@69ba72da, org.springframework.security.web.context.request.async.WebAsyncManagerIntegrationFilter@2e1ba142, org.springframework.security.web.context.SecurityContextPersistenceFilter@58b8f9e3, org.springframework.security.web.header.HeaderWriterFilter@416b1265, org.springframework.web.filter.CorsFilter@abc7005, org.springframework.security.web.authentication.logout.LogoutFilter@20be890d, com.example.SimpleProject.Filters.JWTAuthenticationFilter@595ec862, org.springframework.security.web.savedrequest.RequestCacheAwareFilter@5f6e2ad9, org.springframework.security.web.servletapi.SecurityContextHolderAwareRequestFilter@5a51336a, org.springframework.security.web.authentication.AnonymousAuthenticationFilter@63c84d31, org.springframework.security.web.session.SessionManagementFilter@2729bb71, org.springframework.security.web.access.ExceptionTranslationFilter@365bfc5f, org.springframework.security.web.access.intercept.FilterSecurityInterceptor@5d800a56]
2023-05-09 10:19:52.327  INFO 4865 --- [main] o.s.b.w.embedded.tomcat.TomcatWebServer  : Tomcat started on port(s): 8080 (http) with context path ''
2023-05-09 10:19:52.346  INFO 4865 --- [main] c.e.S.SimpleProjectApplication           : Started SimpleProjectApplication in 7.458 seconds (JVM running for 8.362)
2023-05-09 10:19:52.454  INFO 4865 --- [pool-2-thread-1] c.e.SimpleProject.Thread.workThread      : Thread pool-2-thread-1
2023-05-09 10:19:52.554  INFO 4865 --- [scheduling-1] c.e.S.Thread.MakingTaskThreads           : [1/10] Active: 1, Task: 1
2023-05-09 10:19:52.556  INFO 4865 --- [pool-2-thread-2] c.e.SimpleProject.Thread.workThread      : Thread pool-2-thread-2
2023-05-09 10:19:52.657  INFO 4865 --- [scheduling-1] c.e.S.Thread.MakingTaskThreads           : [2/10] Active: 2, Task: 2
2023-05-09 10:19:52.658  INFO 4865 --- [pool-2-thread-3] c.e.SimpleProject.Thread.workThread      : Thread pool-2-thread-3
2023-05-09 10:19:52.762  INFO 4865 --- [scheduling-1] c.e.S.Thread.MakingTaskThreads           : [3/10] Active: 3, Task: 3
2023-05-09 10:19:53.075  INFO 4865 --- [pool-2-thread-1] c.e.SimpleProject.Thread.workThread      : Send SMS to (536) 612-3039 successfully
2023-05-09 10:19:53.083  INFO 4865 --- [pool-2-thread-2] c.e.SimpleProject.Thread.workThread      : Send SMS to (635) 328-5325 successfully
2023-05-09 10:19:53.083  INFO 4865 --- [pool-2-thread-3] c.e.SimpleProject.Thread.workThread      : Send SMS to (481) 259-1782 successfully
2023-05-09 10:20:29.325  INFO 4865 --- [SpringApplicationShutdownHook] j.LocalContainerEntityManagerFactoryBean : Closing JPA EntityManagerFactory for persistence unit 'default'
2023-05-09 10:20:29.331  INFO 4865 --- [SpringApplicationShutdownHook] com.zaxxer.hikari.HikariDataSource       : HikariPool-1 - Shutdown initiated...
2023-05-09 10:20:29.361  INFO 4865 --- [SpringApplicationShutdownHook] com.zaxxer.hikari.HikariDataSource       : HikariPool-1 - Shutdown completed.
2023-05-09 10:20:43.178  INFO 4888 --- [main] c.e.S.SimpleProjectApplication           : Starting SimpleProjectApplication using Java 1.8.0_362 on Anhs-MacBook-Pro.local with PID 4888 (/Users/apple/Downloads/Tranning_Vega/Project/SimpleProject/target/classes started by apple in /Users/apple/Downloads/Tranning_Vega/Project/SimpleProject)
2023-05-09 10:20:43.194  INFO 4888 --- [main] c.e.S.SimpleProjectApplication           : No active profile set, falling back to 1 default profile: "default"
2023-05-09 10:20:44.203  INFO 4888 --- [main] .s.d.r.c.RepositoryConfigurationDelegate : Bootstrapping Spring Data JPA repositories in DEFAULT mode.
2023-05-09 10:20:44.299  INFO 4888 --- [main] .s.d.r.c.RepositoryConfigurationDelegate : Finished Spring Data repository scanning in 89 ms. Found 6 JPA repository interfaces.
2023-05-09 10:20:44.960  INFO 4888 --- [main] o.s.b.w.embedded.tomcat.TomcatWebServer  : Tomcat initialized with port(s): 8080 (http)
2023-05-09 10:20:44.966  INFO 4888 --- [main] o.apache.catalina.core.StandardService   : Starting service [Tomcat]
2023-05-09 10:20:44.966  INFO 4888 --- [main] org.apache.catalina.core.StandardEngine  : Starting Servlet engine: [Apache Tomcat/9.0.73]
2023-05-09 10:20:45.068  INFO 4888 --- [main] o.a.c.c.C.[Tomcat].[localhost].[/]       : Initializing Spring embedded WebApplicationContext
2023-05-09 10:20:45.068  INFO 4888 --- [main] w.s.c.ServletWebServerApplicationContext : Root WebApplicationContext: initialization completed in 1733 ms
2023-05-09 10:20:45.380  INFO 4888 --- [main] o.hibernate.jpa.internal.util.LogHelper  : HHH000204: Processing PersistenceUnitInfo [name: default]
2023-05-09 10:20:45.581  INFO 4888 --- [main] org.hibernate.Version                    : HHH000412: Hibernate ORM core version 5.6.15.Final
2023-05-09 10:20:45.953  INFO 4888 --- [main] o.hibernate.annotations.common.Version   : HCANN000001: Hibernate Commons Annotations {5.1.2.Final}
2023-05-09 10:20:46.185  INFO 4888 --- [main] com.zaxxer.hikari.HikariDataSource       : HikariPool-1 - Starting...
2023-05-09 10:20:46.186  WARN 4888 --- [main] com.zaxxer.hikari.util.DriverDataSource  : Registered driver with driverClassName=com.mysql.jdbc.Driver was not found, trying direct instantiation.
2023-05-09 10:20:46.482  INFO 4888 --- [main] com.zaxxer.hikari.HikariDataSource       : HikariPool-1 - Start completed.
2023-05-09 10:20:46.504  INFO 4888 --- [main] org.hibernate.dialect.Dialect            : HHH000400: Using dialect: org.hibernate.dialect.MySQL8Dialect
2023-05-09 10:20:47.177  INFO 4888 --- [main] o.h.e.t.j.p.i.JtaPlatformInitiator       : HHH000490: Using JtaPlatform implementation: [org.hibernate.engine.transaction.jta.platform.internal.NoJtaPlatform]
2023-05-09 10:20:47.185  INFO 4888 --- [main] j.LocalContainerEntityManagerFactoryBean : Initialized JPA EntityManagerFactory for persistence unit 'default'
2023-05-09 10:20:47.807  WARN 4888 --- [main] JpaBaseConfiguration$JpaWebConfiguration : spring.jpa.open-in-view is enabled by default. Therefore, database queries may be performed during view rendering. Explicitly configure spring.jpa.open-in-view to disable this warning
2023-05-09 10:20:48.172  INFO 4888 --- [main] o.s.s.web.DefaultSecurityFilterChain     : Will secure any request with [org.springframework.security.web.session.DisableEncodeUrlFilter@4ca0b9b1, org.springframework.security.web.context.request.async.WebAsyncManagerIntegrationFilter@5d800a56, org.springframework.security.web.context.SecurityContextPersistenceFilter@4a4b288a, org.springframework.security.web.header.HeaderWriterFilter@59d5c537, org.springframework.web.filter.CorsFilter@1be77a76, org.springframework.security.web.authentication.logout.LogoutFilter@3212bfd, com.example.SimpleProject.Filters.JWTAuthenticationFilter@315cf170, org.springframework.security.web.savedrequest.RequestCacheAwareFilter@29892a77, org.springframework.security.web.servletapi.SecurityContextHolderAwareRequestFilter@1a7e799e, org.springframework.security.web.authentication.AnonymousAuthenticationFilter@7878bbdb, org.springframework.security.web.session.SessionManagementFilter@3f1158ee, org.springframework.security.web.access.ExceptionTranslationFilter@75dc1c1c, org.springframework.security.web.access.intercept.FilterSecurityInterceptor@fee881]
2023-05-09 10:20:48.593  INFO 4888 --- [main] o.s.b.w.embedded.tomcat.TomcatWebServer  : Tomcat started on port(s): 8080 (http) with context path ''
2023-05-09 10:20:48.608  INFO 4888 --- [main] c.e.S.SimpleProjectApplication           : Started SimpleProjectApplication in 6.359 seconds (JVM running for 9.399)
2023-05-09 10:20:53.693  INFO 4888 --- [pool-2-thread-1] c.e.SimpleProject.Thread.workThread      : Thread pool-2-thread-1
2023-05-09 10:20:53.794  INFO 4888 --- [scheduling-1] c.e.S.Thread.MakingTaskThreads           : [1/10] Active: 1, Task: 1
2023-05-09 10:20:53.795  INFO 4888 --- [pool-2-thread-2] c.e.SimpleProject.Thread.workThread      : Thread pool-2-thread-2
2023-05-09 10:20:53.897  INFO 4888 --- [scheduling-1] c.e.S.Thread.MakingTaskThreads           : [2/10] Active: 2, Task: 2
2023-05-09 10:20:53.899  INFO 4888 --- [pool-2-thread-3] c.e.SimpleProject.Thread.workThread      : Thread pool-2-thread-3
2023-05-09 10:20:54.003  INFO 4888 --- [scheduling-1] c.e.S.Thread.MakingTaskThreads           : [3/10] Active: 3, Task: 3
2023-05-09 10:20:54.236  INFO 4888 --- [pool-2-thread-2] c.e.SimpleProject.Thread.workThread      : Send SMS to (804) 676-6228 successfully
2023-05-09 10:20:54.236  INFO 4888 --- [pool-2-thread-3] c.e.SimpleProject.Thread.workThread      : Send SMS to (976) 421-7305 successfully
2023-05-09 10:20:54.250  INFO 4888 --- [pool-2-thread-1] c.e.SimpleProject.Thread.workThread      : Send SMS to (817) 285-4491 successfully
2023-05-09 10:26:02.534  INFO 4888 --- [SpringApplicationShutdownHook] j.LocalContainerEntityManagerFactoryBean : Closing JPA EntityManagerFactory for persistence unit 'default'
2023-05-09 10:26:02.543  INFO 4888 --- [SpringApplicationShutdownHook] com.zaxxer.hikari.HikariDataSource       : HikariPool-1 - Shutdown initiated...
2023-05-09 10:26:02.558  INFO 4888 --- [SpringApplicationShutdownHook] com.zaxxer.hikari.HikariDataSource       : HikariPool-1 - Shutdown completed.
2023-05-09 10:26:57.218  INFO 4951 --- [main] c.e.S.SimpleProjectApplication           : Starting SimpleProjectApplication using Java 1.8.0_362 on Anhs-MacBook-Pro.local with PID 4951 (/Users/apple/Downloads/Tranning_Vega/Project/SimpleProject/target/classes started by apple in /Users/apple/Downloads/Tranning_Vega/Project/SimpleProject)
2023-05-09 10:26:57.221  INFO 4951 --- [main] c.e.S.SimpleProjectApplication           : No active profile set, falling back to 1 default profile: "default"
2023-05-09 10:26:57.999  INFO 4951 --- [main] .s.d.r.c.RepositoryConfigurationDelegate : Bootstrapping Spring Data JPA repositories in DEFAULT mode.
2023-05-09 10:26:58.065  INFO 4951 --- [main] .s.d.r.c.RepositoryConfigurationDelegate : Finished Spring Data repository scanning in 57 ms. Found 6 JPA repository interfaces.
2023-05-09 10:26:58.524  INFO 4951 --- [main] o.s.b.w.embedded.tomcat.TomcatWebServer  : Tomcat initialized with port(s): 8080 (http)
2023-05-09 10:26:58.529  INFO 4951 --- [main] o.apache.catalina.core.StandardService   : Starting service [Tomcat]
2023-05-09 10:26:58.529  INFO 4951 --- [main] org.apache.catalina.core.StandardEngine  : Starting Servlet engine: [Apache Tomcat/9.0.73]
2023-05-09 10:26:58.622  INFO 4951 --- [main] o.a.c.c.C.[Tomcat].[localhost].[/]       : Initializing Spring embedded WebApplicationContext
2023-05-09 10:26:58.622  INFO 4951 --- [main] w.s.c.ServletWebServerApplicationContext : Root WebApplicationContext: initialization completed in 1334 ms
2023-05-09 10:26:58.776  INFO 4951 --- [main] o.hibernate.jpa.internal.util.LogHelper  : HHH000204: Processing PersistenceUnitInfo [name: default]
2023-05-09 10:26:58.805  INFO 4951 --- [main] org.hibernate.Version                    : HHH000412: Hibernate ORM core version 5.6.15.Final
2023-05-09 10:26:58.898  INFO 4951 --- [main] o.hibernate.annotations.common.Version   : HCANN000001: Hibernate Commons Annotations {5.1.2.Final}
2023-05-09 10:26:59.029  INFO 4951 --- [main] com.zaxxer.hikari.HikariDataSource       : HikariPool-1 - Starting...
2023-05-09 10:26:59.031  WARN 4951 --- [main] com.zaxxer.hikari.util.DriverDataSource  : Registered driver with driverClassName=com.mysql.jdbc.Driver was not found, trying direct instantiation.
2023-05-09 10:26:59.260  INFO 4951 --- [main] com.zaxxer.hikari.HikariDataSource       : HikariPool-1 - Start completed.
2023-05-09 10:26:59.272  INFO 4951 --- [main] org.hibernate.dialect.Dialect            : HHH000400: Using dialect: org.hibernate.dialect.MySQL8Dialect
2023-05-09 10:26:59.789  INFO 4951 --- [main] o.h.e.t.j.p.i.JtaPlatformInitiator       : HHH000490: Using JtaPlatform implementation: [org.hibernate.engine.transaction.jta.platform.internal.NoJtaPlatform]
2023-05-09 10:26:59.797  INFO 4951 --- [main] j.LocalContainerEntityManagerFactoryBean : Initialized JPA EntityManagerFactory for persistence unit 'default'
2023-05-09 10:27:00.334  WARN 4951 --- [main] JpaBaseConfiguration$JpaWebConfiguration : spring.jpa.open-in-view is enabled by default. Therefore, database queries may be performed during view rendering. Explicitly configure spring.jpa.open-in-view to disable this warning
2023-05-09 10:27:00.622  INFO 4951 --- [main] o.s.s.web.DefaultSecurityFilterChain     : Will secure any request with [org.springframework.security.web.session.DisableEncodeUrlFilter@500ec769, org.springframework.security.web.context.request.async.WebAsyncManagerIntegrationFilter@37806be6, org.springframework.security.web.context.SecurityContextPersistenceFilter@365bfc5f, org.springframework.security.web.header.HeaderWriterFilter@13c90c06, org.springframework.web.filter.CorsFilter@7bce9ce4, org.springframework.security.web.authentication.logout.LogoutFilter@42211e04, com.example.SimpleProject.Filters.JWTAuthenticationFilter@1d2046bb, org.springframework.security.web.savedrequest.RequestCacheAwareFilter@37a3ec27, org.springframework.security.web.servletapi.SecurityContextHolderAwareRequestFilter@6c24f61d, org.springframework.security.web.authentication.AnonymousAuthenticationFilter@3b33fff9, org.springframework.security.web.session.SessionManagementFilter@ac4e690, org.springframework.security.web.access.ExceptionTranslationFilter@2f07930a, org.springframework.security.web.access.intercept.FilterSecurityInterceptor@59f7c106]
2023-05-09 10:27:00.980  INFO 4951 --- [main] o.s.b.w.embedded.tomcat.TomcatWebServer  : Tomcat started on port(s): 8080 (http) with context path ''
2023-05-09 10:27:00.989  INFO 4951 --- [main] c.e.S.SimpleProjectApplication           : Started SimpleProjectApplication in 4.269 seconds (JVM running for 5.191)
2023-05-09 10:28:15.005  INFO 4951 --- [SpringApplicationShutdownHook] j.LocalContainerEntityManagerFactoryBean : Closing JPA EntityManagerFactory for persistence unit 'default'
2023-05-09 10:28:15.009  INFO 4951 --- [SpringApplicationShutdownHook] com.zaxxer.hikari.HikariDataSource       : HikariPool-1 - Shutdown initiated...
2023-05-09 10:28:15.025  INFO 4951 --- [SpringApplicationShutdownHook] com.zaxxer.hikari.HikariDataSource       : HikariPool-1 - Shutdown completed.
2023-05-09 10:28:18.718  INFO 4958 --- [main] c.e.S.SimpleProjectApplication           : Starting SimpleProjectApplication using Java 1.8.0_362 on Anhs-MacBook-Pro.local with PID 4958 (/Users/apple/Downloads/Tranning_Vega/Project/SimpleProject/target/classes started by apple in /Users/apple/Downloads/Tranning_Vega/Project/SimpleProject)
2023-05-09 10:28:18.722  INFO 4958 --- [main] c.e.S.SimpleProjectApplication           : No active profile set, falling back to 1 default profile: "default"
2023-05-09 10:28:19.504  INFO 4958 --- [main] .s.d.r.c.RepositoryConfigurationDelegate : Bootstrapping Spring Data JPA repositories in DEFAULT mode.
2023-05-09 10:28:19.571  INFO 4958 --- [main] .s.d.r.c.RepositoryConfigurationDelegate : Finished Spring Data repository scanning in 58 ms. Found 6 JPA repository interfaces.
2023-05-09 10:28:19.991  INFO 4958 --- [main] o.s.b.w.embedded.tomcat.TomcatWebServer  : Tomcat initialized with port(s): 8080 (http)
2023-05-09 10:28:19.996  INFO 4958 --- [main] o.apache.catalina.core.StandardService   : Starting service [Tomcat]
2023-05-09 10:28:19.997  INFO 4958 --- [main] org.apache.catalina.core.StandardEngine  : Starting Servlet engine: [Apache Tomcat/9.0.73]
2023-05-09 10:28:20.061  INFO 4958 --- [main] o.a.c.c.C.[Tomcat].[localhost].[/]       : Initializing Spring embedded WebApplicationContext
2023-05-09 10:28:20.061  INFO 4958 --- [main] w.s.c.ServletWebServerApplicationContext : Root WebApplicationContext: initialization completed in 1237 ms
2023-05-09 10:28:20.190  INFO 4958 --- [main] o.hibernate.jpa.internal.util.LogHelper  : HHH000204: Processing PersistenceUnitInfo [name: default]
2023-05-09 10:28:20.226  INFO 4958 --- [main] org.hibernate.Version                    : HHH000412: Hibernate ORM core version 5.6.15.Final
2023-05-09 10:28:20.333  INFO 4958 --- [main] o.hibernate.annotations.common.Version   : HCANN000001: Hibernate Commons Annotations {5.1.2.Final}
2023-05-09 10:28:20.466  INFO 4958 --- [main] com.zaxxer.hikari.HikariDataSource       : HikariPool-1 - Starting...
2023-05-09 10:28:20.468  WARN 4958 --- [main] com.zaxxer.hikari.util.DriverDataSource  : Registered driver with driverClassName=com.mysql.jdbc.Driver was not found, trying direct instantiation.
2023-05-09 10:28:20.685  INFO 4958 --- [main] com.zaxxer.hikari.HikariDataSource       : HikariPool-1 - Start completed.
2023-05-09 10:28:20.700  INFO 4958 --- [main] org.hibernate.dialect.Dialect            : HHH000400: Using dialect: org.hibernate.dialect.MySQL8Dialect
2023-05-09 10:28:21.233  INFO 4958 --- [main] o.h.e.t.j.p.i.JtaPlatformInitiator       : HHH000490: Using JtaPlatform implementation: [org.hibernate.engine.transaction.jta.platform.internal.NoJtaPlatform]
2023-05-09 10:28:21.240  INFO 4958 --- [main] j.LocalContainerEntityManagerFactoryBean : Initialized JPA EntityManagerFactory for persistence unit 'default'
2023-05-09 10:28:21.758  WARN 4958 --- [main] JpaBaseConfiguration$JpaWebConfiguration : spring.jpa.open-in-view is enabled by default. Therefore, database queries may be performed during view rendering. Explicitly configure spring.jpa.open-in-view to disable this warning
2023-05-09 10:28:22.074  INFO 4958 --- [main] o.s.s.web.DefaultSecurityFilterChain     : Will secure any request with [org.springframework.security.web.session.DisableEncodeUrlFilter@571d0925, org.springframework.security.web.context.request.async.WebAsyncManagerIntegrationFilter@54e0f76f, org.springframework.security.web.context.SecurityContextPersistenceFilter@7d12429, org.springframework.security.web.header.HeaderWriterFilter@7e50eeb9, org.springframework.web.filter.CorsFilter@3fe8ad3f, org.springframework.security.web.authentication.logout.LogoutFilter@280484c7, com.example.SimpleProject.Filters.JWTAuthenticationFilter@7462ba4b, org.springframework.security.web.savedrequest.RequestCacheAwareFilter@20be890d, org.springframework.security.web.servletapi.SecurityContextHolderAwareRequestFilter@425b5fe2, org.springframework.security.web.authentication.AnonymousAuthenticationFilter@4b09d1c3, org.springframework.security.web.session.SessionManagementFilter@32d0d7eb, org.springframework.security.web.access.ExceptionTranslationFilter@4d8056bf, org.springframework.security.web.access.intercept.FilterSecurityInterceptor@359865a2]
2023-05-09 10:28:22.439  INFO 4958 --- [main] o.s.b.w.embedded.tomcat.TomcatWebServer  : Tomcat started on port(s): 8080 (http) with context path ''
2023-05-09 10:28:22.449  INFO 4958 --- [main] c.e.S.SimpleProjectApplication           : Started SimpleProjectApplication in 4.238 seconds (JVM running for 5.105)
2023-05-09 10:28:47.591  INFO 4958 --- [pool-2-thread-1] c.e.SimpleProject.Thread.workThread      : Thread pool-2-thread-1
2023-05-09 10:28:47.691  INFO 4958 --- [scheduling-1] c.e.S.Thread.MakingTaskThreads           : [1/10] Active: 1, Task: 1
2023-05-09 10:28:47.692  INFO 4958 --- [pool-2-thread-2] c.e.SimpleProject.Thread.workThread      : Thread pool-2-thread-2
2023-05-09 10:28:47.797  INFO 4958 --- [scheduling-1] c.e.S.Thread.MakingTaskThreads           : [2/10] Active: 2, Task: 2
2023-05-09 10:28:47.799  INFO 4958 --- [pool-2-thread-3] c.e.SimpleProject.Thread.workThread      : Thread pool-2-thread-3
2023-05-09 10:28:47.901  INFO 4958 --- [scheduling-1] c.e.S.Thread.MakingTaskThreads           : [3/10] Active: 3, Task: 3
2023-05-09 10:28:47.902  INFO 4958 --- [pool-2-thread-4] c.e.SimpleProject.Thread.workThread      : Thread pool-2-thread-4
2023-05-09 10:28:48.006  INFO 4958 --- [scheduling-1] c.e.S.Thread.MakingTaskThreads           : [4/10] Active: 4, Task: 4
2023-05-09 10:28:48.008  INFO 4958 --- [pool-2-thread-5] c.e.SimpleProject.Thread.workThread      : Thread pool-2-thread-5
2023-05-09 10:28:48.109  INFO 4958 --- [scheduling-1] c.e.S.Thread.MakingTaskThreads           : [5/10] Active: 5, Task: 5
2023-05-09 10:28:48.234  INFO 4958 --- [pool-2-thread-4] c.e.SimpleProject.Thread.workThread      : Send SMS to (817) 285-4491 successfully
2023-05-09 10:28:48.234  INFO 4958 --- [pool-2-thread-1] c.e.SimpleProject.Thread.workThread      : Send SMS to (536) 612-3039 successfully
2023-05-09 10:28:48.234  INFO 4958 --- [pool-2-thread-2] c.e.SimpleProject.Thread.workThread      : Send SMS to (635) 328-5325 successfully
2023-05-09 10:28:48.234  INFO 4958 --- [pool-2-thread-3] c.e.SimpleProject.Thread.workThread      : Send SMS to (481) 259-1782 successfully
2023-05-09 10:28:49.244  INFO 4958 --- [pool-2-thread-5] c.e.SimpleProject.Thread.workThread      : Send SMS to (804) 676-6228 successfully
2023-05-09 11:09:48.395  WARN 4958 --- [HikariPool-1 housekeeper] com.zaxxer.hikari.pool.HikariPool        : HikariPool-1 - Thread starvation or clock leap detected (housekeeper delta=57s333ms).
2023-05-09 12:46:49.188  INFO 4958 --- [SpringApplicationShutdownHook] j.LocalContainerEntityManagerFactoryBean : Closing JPA EntityManagerFactory for persistence unit 'default'
2023-05-09 12:46:49.206  INFO 4958 --- [SpringApplicationShutdownHook] com.zaxxer.hikari.HikariDataSource       : HikariPool-1 - Shutdown initiated...
2023-05-09 12:46:49.217  INFO 4958 --- [SpringApplicationShutdownHook] com.zaxxer.hikari.HikariDataSource       : HikariPool-1 - Shutdown completed.
